
ExaChem Git Information
{
 Branch: main
 Commit Hash: d33902b [d33902b3c81cee5138657f8934cce926b1fb7fe6]
 Commit Date: 2025-09-30 12:01:56 -0700
 Commit Message: [cholesky] make IO optional

 WARNING: The following ExaChem sources have uncommitted changes at build-time.

 M exachem/cc/ducc/ducc-t_ccsd.hpp
 M exachem/cc/ducc/qflow-t_ccsd.cpp
 M exachem/cc/scripts/hamiltonian_extractor/fci_solver.py
 M exachem/cc/scripts/hamiltonian_extractor/grab_data.py

diff --git a/exachem/cc/ducc/ducc-t_ccsd.hpp b/exachem/cc/ducc/ducc-t_ccsd.hpp
index 9c93f85..8f0f448 100644
--- a/exachem/cc/ducc/ducc-t_ccsd.hpp
+++ b/exachem/cc/ducc/ducc-t_ccsd.hpp
@@ -31,2 +31 @@ template<typename T>
-std::pair<double, std::vector<std::pair<std::vector<int>, double>>>
-DUCC_T_QFLOW_Driver(Scheduler& sch, ChemEnv& chem_env, const TiledIndexSpace& MO,
+void DUCC_T_QFLOW_Driver(Scheduler& sch, ChemEnv& chem_env, const TiledIndexSpace& MO,
diff --git a/exachem/cc/ducc/qflow-t_ccsd.cpp b/exachem/cc/ducc/qflow-t_ccsd.cpp
index af056e1..06bfeae 100644
--- a/exachem/cc/ducc/qflow-t_ccsd.cpp
+++ b/exachem/cc/ducc/qflow-t_ccsd.cpp
@@ -250 +250 @@ void ducc_qflow_driver(ExecutionContext& ec, ChemEnv& chem_env) {
-  // TiledIndexSpace&           MO        = chem_env.is_context.MSO;
+  TiledIndexSpace&           MO        = chem_env.is_context.MSO;
@@ -254,2 +254,2 @@ void ducc_qflow_driver(ExecutionContext& ec, ChemEnv& chem_env) {
-  Tensor<T>                  d_t1      = chem_env.cc_context.d_t1_full;
-  Tensor<T>                  d_t2      = chem_env.cc_context.d_t2_full;
+  // Tensor<T>                  d_t1      = chem_env.cc_context.d_t1_full;
+  // Tensor<T>                  d_t2      = chem_env.cc_context.d_t2_full;
@@ -265,2 +265,2 @@ void ducc_qflow_driver(ExecutionContext& ec, ChemEnv& chem_env) {
-  // const TiledIndexSpace& O = MO_AS("occ");
-  // const TiledIndexSpace& V = MO_AS("virt");
+  const TiledIndexSpace& O = MO("occ");
+  const TiledIndexSpace& V = MO("virt");
@@ -268,4 +268,4 @@ void ducc_qflow_driver(ExecutionContext& ec, ChemEnv& chem_env) {
-  // Tensor<T> cholVpr_UT = {{N, N, CI}, {SpinPosition::upper, SpinPosition::lower,
-  // SpinPosition::ignore}}; sch.allocate(cholVpr_UT).execute(); retile_tamm_tensor(cholVpr,
-  // cholVpr_UT); cholesky_2e::V2Tensors<T>& v2tensors_UT = cholesky_2e::setupV2Tensors<T>(ec,
-  // cholVpr_UT, ex_hw); free_tensors(cholVpr, cholVpr_UT);
+  // Tensor<T> cholVpr_sub = {{N, N, CI}, {SpinPosition::upper, SpinPosition::lower,
+  // SpinPosition::ignore}}; sch.allocate(cholVpr_sub).execute(); retile_tamm_tensor(cholVpr,
+  // cholVpr_sub); cholesky_2e::V2Tensors<T>& v2tensors_sub = cholesky_2e::setupV2Tensors<T>(ec,
+  // cholVpr_sub, ex_hw); free_tensors(cholVpr, cholVpr_sub);
@@ -273,3 +273,3 @@ void ducc_qflow_driver(ExecutionContext& ec, ChemEnv& chem_env) {
-  // Tensor<T> dt1_full_ut = Tensor<T>{{V, O}, {1, 1}};
-  // Tensor<T> dt2_full_ut = Tensor<T>{{V, V, O, O}, {2, 2}};
-  // sch.allocate(dt1_full_ut, dt2_full_ut).execute();
+  // Global amplitudes are transformed to dense tensors so they can addresses
+  ExecutionContext ec_dense{ec.pg(), DistributionKind::dense,
+                            MemoryManagerKind::ga};
@@ -276,0 +277,8 @@ void ducc_qflow_driver(ExecutionContext& ec, ChemEnv& chem_env) {
+  Tensor<T> dt1 = Tensor<T>{{V, O}, {1, 1}};
+  Tensor<T> dt2 = Tensor<T>{{V, V, O, O}, {2, 2}};
+  sch.allocate(dt1, dt2).execute();
+
+  Tensor<T> dt1_global = to_dense_tensor(ec_dense, dt1);
+  Tensor<T> dt2_global = to_dense_tensor(ec_dense, dt2);
+
+  free_tensors(dt1, dt2);
@@ -315,2 +323,2 @@ void ducc_qflow_driver(ExecutionContext& ec, ChemEnv& chem_env) {
-  // Combine occ_combinations and occ_combinations in all ways
-  // The are combined with the sum of orbtital energies
+  // Combine occ_combinations and virt_combinations in all ways
+  // They are combined with the sum of orbital energies
@@ -385,0 +394,5 @@ void ducc_qflow_driver(ExecutionContext& ec, ChemEnv& chem_env) {
+
+    // Initialize empty sets for this cycle
+    std::set<std::pair<size_t,size_t>> updated_t1;
+    std::set<std::tuple<size_t,size_t,size_t,size_t>> updated_t2;
+
@@ -410 +423 @@ void ducc_qflow_driver(ExecutionContext& ec, ChemEnv& chem_env) {
-      Tensor<T> cholVpr_UT{{N, N, CI},
+      Tensor<T> cholVpr_sub{{N, N, CI},
@@ -412,5 +425,5 @@ void ducc_qflow_driver(ExecutionContext& ec, ChemEnv& chem_env) {
-      sch.allocate(cholVpr_UT).execute();
-      retile_tamm_tensor(cholVpr, cholVpr_UT);
-      cholesky_2e::V2Tensors<T> v2tensors_UT =
-        cholesky_2e::setupV2Tensors<T>(ec, cholVpr_UT, ex_hw);
-      free_tensors(cholVpr_UT);
+      sch.allocate(cholVpr_sub).execute();
+      retile_tamm_tensor(cholVpr, cholVpr_sub);
+      cholesky_2e::V2Tensors<T> v2tensors_sub =
+        cholesky_2e::setupV2Tensors<T>(ec, cholVpr_sub, ex_hw);
+      free_tensors(cholVpr_sub);
@@ -418,3 +431,3 @@ void ducc_qflow_driver(ExecutionContext& ec, ChemEnv& chem_env) {
-      Tensor<T> dt1_full_ut = Tensor<T>{{V, O}, {1, 1}};
-      Tensor<T> dt2_full_ut = Tensor<T>{{V, V, O, O}, {2, 2}};
-      sch.allocate(dt1_full_ut, dt2_full_ut).execute();
+      Tensor<T> dt1_sub = Tensor<T>{{V, O}, {1, 1}};
+      Tensor<T> dt2_sub = Tensor<T>{{V, V, O, O}, {2, 2}};
+      sch.allocate(dt1_sub, dt2_sub).execute();
@@ -423 +436,3 @@ void ducc_qflow_driver(ExecutionContext& ec, ChemEnv& chem_env) {
-      sch(dt1_full_ut() = 0.0)(dt2_full_ut() = 0.0).execute(ex_hw);
+      from_dense_tensor(dt1_global, dt1_sub);
+      from_dense_tensor(dt2_global, dt2_sub);
+      // sch(dt1_sub() = 0.0)(dt2_sub() = 0.0).execute(ex_hw);
@@ -425,3 +440,3 @@ void ducc_qflow_driver(ExecutionContext& ec, ChemEnv& chem_env) {
-      Tensor<T> d_f1_UT = Tensor<T>{{N, N}, {1, 1}};
-      sch.allocate(d_f1_UT).execute();
-      retile_tamm_tensor(d_f1, d_f1_UT);
+      Tensor<T> d_f1_sub = Tensor<T>{{N, N}, {1, 1}};
+      sch.allocate(d_f1_sub).execute();
+      retile_tamm_tensor(d_f1, d_f1_sub);
@@ -430 +445 @@ void ducc_qflow_driver(ExecutionContext& ec, ChemEnv& chem_env) {
-      DUCC_T_CCSD_Driver<T>(chem_env, ec, MO_AS, dt1_full_ut, dt2_full_ut, d_f1_UT, v2tensors_UT,
+      DUCC_T_CCSD_Driver<T>(chem_env, ec, MO_AS, dt1_sub, dt2_sub, d_f1_sub, v2tensors_sub,
@@ -433 +448,46 @@ void ducc_qflow_driver(ExecutionContext& ec, ChemEnv& chem_env) {
-      free_tensors(d_f1_UT, dt1_full_ut, dt2_full_ut);
+      // Get QFlow results
+      auto& qflow_results = chem_env.sys_data.results["output"]["QFlow"]["results"];
+
+      // Get XACC ordering
+      auto xacc_order = qflow_results["xacc_order"].get<std::vector<int>>();
+      std::cout << "XACC Ordering: ";
+      for(const auto& idx : xacc_order) {
+          std::cout << idx << " ";
+      }
+      std::cout << std::endl;
+
+      // // Get amplitudes 
+      // std::cout << "QFlow Amplitudes:" << std::endl;
+      // for(const auto& amp : qflow_results["amplitudes"]) {
+      //     std::cout << "  [";
+      //     for(size_t i = 0; i < amp["indices"].size(); ++i) {
+      //         std::cout << amp["indices"][i];
+      //         if(i < amp["indices"].size() - 1) std::cout << ", ";
+      //     }
+      //     std::cout << "] -> " << amp["value"].get<double>() << std::endl;
+      // }
+
+      for(const auto& amp : qflow_results["amplitudes"]) {
+        if(amp["indices"].size() == 2) {
+            size_t v = xacc_order[amp["indices"][1]];
+            size_t o = xacc_order[amp["indices"][0]];
+            auto t1_key = std::make_pair(v,o);
+            if(updated_t1.find(t1_key) == updated_t1.end()) {
+              updated_t1.insert(t1_key);
+              update_tensor_val(dt1_global, {v,o}, amp["value"].get<double>());
+            }
+          } else if(amp["indices"].size() == 4) {
+            // Could be 3,2,1,0 ordering
+            size_t v1 = xacc_order[amp["indices"][3]];
+            size_t v2 = xacc_order[amp["indices"][2]];
+            size_t o1 = xacc_order[amp["indices"][0]];
+            size_t o2 = xacc_order[amp["indices"][1]];
+            auto t2_key = std::make_tuple(v1,v2,o1,o2);
+            if(updated_t2.find(t2_key) == updated_t2.end()) {
+              updated_t2.insert(t2_key);
+              update_tensor_val(dt2_global, {v1,v2,o1,o2}, amp["value"].get<double>());
+            }
+        }
+      }
+      
+      free_tensors(d_f1_sub, dt1_sub, dt2_sub);
@@ -438 +498,3 @@ void ducc_qflow_driver(ExecutionContext& ec, ChemEnv& chem_env) {
-  free_tensors(cholVpr, d_t1, d_t2, d_f1);
+  // free_tensors(cholVpr, d_t1, d_t2, d_f1);
+  free_tensors(cholVpr, d_f1);
+  Tensor<T>::deallocate(dt1_global, dt2_global);
@@ -446,7 +508,6 @@ template<typename T>
-std::pair<double, std::vector<std::pair<std::vector<int>, double>>>
-DUCC_T_QFLOW_Driver(Scheduler& sch, ChemEnv& chem_env, const TiledIndexSpace& MO,
-                    const Tensor<T>& ftij, const Tensor<T>& ftia, const Tensor<T>& ftab,
-                    const Tensor<T>& vtijkl, const Tensor<T>& vtijka, const Tensor<T>& vtaijb,
-                    const Tensor<T>& vtijab, const Tensor<T>& vtiabc, const Tensor<T>& vtabcd,
-                    ExecutionHW ex_hw, T shift, IndexVector& occ_int_vec, IndexVector& virt_int_vec,
-                    string& pos_str) {
+void DUCC_T_QFLOW_Driver(Scheduler& sch, ChemEnv& chem_env, const TiledIndexSpace& MO,
+                          const Tensor<T>& ftij, const Tensor<T>& ftia, const Tensor<T>& ftab,
+                          const Tensor<T>& vtijkl, const Tensor<T>& vtijka, const Tensor<T>& vtaijb,
+                          const Tensor<T>& vtijab, const Tensor<T>& vtiabc, const Tensor<T>& vtabcd,
+                          ExecutionHW ex_hw, T shift, IndexVector& occ_int_vec, IndexVector& virt_int_vec,
+                          string& pos_str) {
@@ -457,0 +519 @@ DUCC_T_QFLOW_Driver(Scheduler& sch, ChemEnv& chem_env, const TiledIndexSpace& MO
+  SystemData& sys_data = chem_env.sys_data;
@@ -828 +890 @@ DUCC_T_QFLOW_Driver(Scheduler& sch, ChemEnv& chem_env, const TiledIndexSpace& MO
-    std::cout << std::endl
+    std::cout << std::setprecision(6) << std::endl
@@ -834 +896,20 @@ DUCC_T_QFLOW_Driver(Scheduler& sch, ChemEnv& chem_env, const TiledIndexSpace& MO
-    std::cout << "Final Energy: " << results.first << "" << std::endl;
+    // Store results in sys_data.results for use elsewhere in the code
+    sys_data.results["output"]["QFlow"]["results"]["energy"] = results.first;
+    
+    // Store amplitudes in sys_data.results
+    nlohmann::json amplitudes_json = nlohmann::json::array();
+    for(const auto& pair: results.second) {
+      const std::vector<int>& vec = pair.first;
+      double                  val = pair.second;
+      
+      nlohmann::json amp_entry;
+      amp_entry["indices"] = vec;
+      amp_entry["value"] = val;
+      amplitudes_json.push_back(amp_entry);
+    }
+    sys_data.results["output"]["QFlow"]["results"]["amplitudes"] = amplitudes_json;
+
+    // Store XACC_order in sys_data.results
+    sys_data.results["output"]["QFlow"]["results"]["xacc_order"] = XACC_order;
+
+    std::cout << std::setprecision(10) << "Final Energy: " << results.first << "" << std::endl;
@@ -853 +933,0 @@ DUCC_T_QFLOW_Driver(Scheduler& sch, ChemEnv& chem_env, const TiledIndexSpace& MO
-  return results;
@@ -857,7 +937,6 @@ using T = double;
-template std::pair<double, std::vector<std::pair<std::vector<int>, double>>>
-DUCC_T_QFLOW_Driver<T>(Scheduler& sch, ChemEnv& chem_env, const TiledIndexSpace& MO,
-                       const Tensor<T>& ftij, const Tensor<T>& ftia, const Tensor<T>& ftab,
-                       const Tensor<T>& vtijkl, const Tensor<T>& vtijka, const Tensor<T>& vtaijb,
-                       const Tensor<T>& vtijab, const Tensor<T>& vtiabc, const Tensor<T>& vtabcd,
-                       ExecutionHW ex_hw, T shift, IndexVector& occ_int_vec,
-                       IndexVector& virt_int_vec, string& pos_str);
+template void DUCC_T_QFLOW_Driver<T>(Scheduler& sch, ChemEnv& chem_env, const TiledIndexSpace& MO,
+                                      const Tensor<T>& ftij, const Tensor<T>& ftia, const Tensor<T>& ftab,
+                                      const Tensor<T>& vtijkl, const Tensor<T>& vtijka, const Tensor<T>& vtaijb,
+                                      const Tensor<T>& vtijab, const Tensor<T>& vtiabc, const Tensor<T>& vtabcd,
+                                      ExecutionHW ex_hw, T shift, IndexVector& occ_int_vec,
+                                      IndexVector& virt_int_vec, string& pos_str);
diff --git a/exachem/cc/scripts/hamiltonian_extractor/fci_solver.py b/exachem/cc/scripts/hamiltonian_extractor/fci_solver.py
index 75711ad..cfa11ab 100644
--- a/exachem/cc/scripts/hamiltonian_extractor/fci_solver.py
+++ b/exachem/cc/scripts/hamiltonian_extractor/fci_solver.py
@@ -4 +3,0 @@ Full Configuration Interaction (FCI) solver implementation.
-from pyscf import fci
@@ -20 +19,5 @@ def parse_fci_vector(ci_vecmat: np.ndarray, orbs: int, electrons: int, threshold
-    from pyscf.fci import cistring
+    try:
+        from pyscf.fci import cistring
+    except ImportError:
+        raise ImportError("PySCF is required for parsing FCI vectors. Please install it using 'pip install pyscf'.")
+    
@@ -61,0 +65,6 @@ def solve_fci(data, n_roots: int = 1, threshold: float = 0.001, max_space: int =
+    # Import pyscf only when needed
+    try:
+        from pyscf import fci
+    except ImportError:
+        raise ImportError("PySCF is required for FCI calculations. Please install it using 'pip install pyscf'.")
+    
diff --git a/exachem/cc/scripts/hamiltonian_extractor/grab_data.py b/exachem/cc/scripts/hamiltonian_extractor/grab_data.py
index 2a04b34..8d47e3f 100644
--- a/exachem/cc/scripts/hamiltonian_extractor/grab_data.py
+++ b/exachem/cc/scripts/hamiltonian_extractor/grab_data.py
@@ -83,2 +83,2 @@ def _extract_output_data(output_file, data):
-                elif ln_segments[:3] == ['Bare', 'SCF', 'Energy:']:
-                    bare_scf = float(ln_segments[3])
+                elif ln_segments[:5] == ['Bare', 'Active', 'Space', 'SCF', 'Energy:']:
+                    bare_scf = float(ln_segments[5])

}


TAMM Git Information
{
 Branch: main
 Commit Hash: c00148cb [c00148cb8eb9a282939c6227de5f4631680c5370]
 Commit Date: 2025-09-30 12:38:26 -0700
 Commit Message: utility routine to copy dense tensors
}


date: Fri Oct  3 14:46:22 2025
program: "/hpc/home/baum612/code/exachem-dev/build/methods_stage/hpc/home/baum612/code/tamm_install/methods/ExaChem"
nnodes: 1, nproc_per_node: 8, nproc_total: 8, 
Memory information
{
[Intel(R) Xeon(R) Platinum 8276M CPU @ 2.20GHz] : 
  CPU memory per node (GiB): 6046
  Total CPU memory (GiB): 6046
}

------------------------------------------------------------

Input file provided: /hpc/home/baum612/TESTS/TEC4/DUCC-TEC4/LiF/2.800-Eq.json

{
  "geometry": {
    "coordinates": [
      "Li  0 0 0",
      "F  0  0.0  4.378920"
    ],
    "units": "angstrom"
  },
  "common": {
    "maxiter": 200
  },
  "basis": {
    "basisset": "cc-pVTZ"
  },
  "SCF": {
    "tol_int": 1e-18,
    "tol_sch": 1e-12,
    "tol_lindep": 1e-05,
    "conve": 1e-08,
    "convd": 1e-07,
    "scf_type": "restricted"
  },
  "CD": {
    "debug": false,
    "diagtol": 1e-09
  },
  "CC": {
    "threshold": 1e-08,
    "ccsd_maxiter": 150,
    "nactive_oa": 6,
    "nactive_ob": 6,
    "nactive_va": 4,
    "nactive_vb": 4,
    "PRINT": {},
    "ducc_lvl": 0
  },
  "TASK": {
    "ducc": [
      true,
      "default"
    ]
  }
}

Output folder & files prefix: 2.800-Eq.cc-pvtz

  Li (lithium)
  ------------
          Exponent        Coefficients
      ----------------  --------------------
  1 S  5.98800000E+03      0.064619
  1 S  8.98900000E+02      0.120104
  1 S  2.05900000E+02      0.204535
  1 S  5.92400000E+01      0.318977
  1 S  1.98700000E+01      0.445628
  1 S  7.40600000E+00      0.531197
  1 S  2.93000000E+00      0.503573
  1 S  1.18900000E+00      0.319820
  1 S  4.79800000E-01      0.078538

  2 S  5.98800000E+03     -0.037675
  2 S  8.98900000E+02     -0.069659
  2 S  2.05900000E+02     -0.117469
  2 S  5.92400000E+01     -0.187176
  2 S  1.98700000E+01     -0.260910
  2 S  7.40600000E+00     -0.332441
  2 S  2.93000000E+00     -0.330149
  2 S  1.18900000E+00     -0.297802
  2 S  4.79800000E-01     -0.170456

  3 S  7.50900000E-02      0.102234

  4 S  2.83200000E-02      0.049202

  5 P  3.26600000E+00      0.222451
  5 P  6.51100000E-01      0.163232
  5 P  1.69600000E-01      0.134040

  6 P  5.57800000E-02      0.038640

  7 P  2.05000000E-02      0.011057

  8 D  1.87400000E-01      0.087853

  9 D  8.01000000E-02      0.019850

  10 F  1.82900000E-01      0.032206


  F (fluorine)
  ------------
          Exponent        Coefficients
      ----------------  --------------------
  1 S  1.95000000E+04      0.610821
  1 S  2.92300000E+03      1.138598
  1 S  6.64500000E+02      1.930203
  1 S  1.87500000E+02      2.922896
  1 S  6.06200000E+01      3.655092
  1 S  2.14200000E+01      3.146693
  1 S  7.95000000E+00      1.209704
  1 S  8.81500000E-01     -0.005242

  2 S  1.95000000E+04     -0.234735
  2 S  2.92300000E+03     -0.440790
  2 S  6.64500000E+02     -0.750590
  2 S  1.87500000E+02     -1.175794
  2 S  6.06200000E+01     -1.575703
  2 S  2.14200000E+01     -1.694881
  2 S  7.95000000E+00     -1.017604
  2 S  8.81500000E-01      0.669219

  3 S  2.25700000E+00      1.312377

  4 S  3.04100000E-01      0.291859

  5 P  4.38800000E+01      6.745828
  5 P  9.92600000E+00      6.597273
  5 P  2.93000000E+00      4.359097

  6 P  9.13200000E-01      1.272470

  7 P  2.67200000E-01      0.273833

  8 D  3.10700000E+00     11.967589

  9 D  8.55000000E-01      1.251267

  10 F  1.91700000E+00      6.365818



Printing Internal Coordinates

------------------------------------------------------------
                Bond Lengths

i      j        Length (Angstroms)     Length (Bohr)
0      1          4.3789200000         8.2749595273

Number of Angles: 0
Number of Torsional Angles: 0


----------------------------------------------------------------------
                          Center of Mass

         x               y               z              Unit
               0               0     3.197939362      Angstrom
               0               0     6.043229561          Bohr

----------------------------------------------------------------------
                Moment of Inertia Tensor

           350.852                 0                 0
                 0           350.852                 0
                 0                 0                 0

----------------------------------------------------------------------
                      Principal Moments of Inertia

           x                 y                 z                Unit
                 0       98.24870073       98.24870073       amu * ang^2
                 0       350.8524799       350.8524799      amu * bohr^2
  0.0000000000e+00  1.6314591717e-38  1.6314591717e-38          g * cm^2

 - Molecule is diatomic.

----------------------------------------------------------------------

         Rotational constants (MHz)

    A = inf        B = 5.1439e+03        C = 5.1439e+03

----------------------------------------------------------------------

        Rotational constants (cm-1)

    A = inf        B = 1.7158e-01        C = 1.7158e-01

----------------------------------------------------------------------

                                Z-Matrix
Li  
F        1       8.2749595

----------------------------------------------------------------------

             Converted back to Cartesian

Li       0.000000      0.000000      0.000000
F        0.000000      0.000000      8.274960

----------------------------------------------------------------------
                       Geometry in bohr 

1     Li      0.0000000000    0.0000000000    0.0000000000
2     F       0.0000000000    0.0000000000    8.2749595273

 Number of nodes, processes per node used for SCF calculation: 1, 8

Common Options
{
  maxiter       = 200
  basis         = cc-pvtz spherical
  geom_units    = angstrom
  ang2au factor = 1.889726126
  debug         = false
  file_prefix   = 2.800-Eq
}

SCF Options
{
  charge            = 0
  multiplicity      = 1
  level shift       = 0
  tol_int           = 1e-18
  tol_sch           = 1e-12
  tol_lindep        = 1e-05
  conve             = 1e-08
  convd             = 1e-07
  diis_hist         = 10
  AO_tilesize       = 30
  writem            = 1
  damp              = 100
  n_lindep          = 0
  scf_type          = restricted
  cuscf             = false
  direct_df         = false
  restart_size      = 2000
  restart           = false
  debug             = false
}

Number of basis functions = 60

Total number of shells = 20

Total number of electrons = 12
  # of alpha electrons    = 6
  # of beta electons      = 6

Nuclear repulsion energy  = 3.26285583766956

# of {all,non-negligible} shell-pairs = {210,210}
Number of AO tiles = 20

Time for initial setup: 0.00 secs
HF exch = 1.00

Time for computing 1-e integrals T, V, S: 0.00 secs
Time for computing orthogonalizer: 0.00 secs

Superposition of Atomic Density Guess ...
Time taken for SAD: 0.12 secs
Total Time to compute initial guess: 0.12 secs


 SCF iterations
-----------------------------------------------------------------------------
 Iter     Energy            E-Diff       RMSD        |[F,P]|^2       Time(s)
-----------------------------------------------------------------------------
   1  -106.4362282065    -1.06e+02     1.32e-02     7.16e-02         0.0 
   2  -106.6923196567    -2.56e-01     3.72e-04     1.65e+00         0.0 
   3  -106.7034455035    -1.11e-02     4.32e-03     1.45e+00         0.0 
   4  -106.7785510239    -7.51e-02     2.42e-03     1.59e-01         0.0 
   5  -106.7890797581    -1.05e-02     8.93e-04     3.91e-03         0.0 
   6  -106.7896656202    -5.86e-04     3.58e-04     2.10e-04         0.0 
   7  -106.7897246269    -5.90e-05     1.24e-04     2.17e-05         0.0 
   8  -106.7897296909    -5.06e-06     1.60e-05     2.59e-07         0.0 
   9  -106.7897298053    -1.14e-07     9.26e-06     6.59e-08         0.0 
  10  -106.7897298269    -2.16e-08     7.15e-07     3.53e-10         0.0 
  11  -106.7897298270    -1.27e-10     2.55e-07     1.65e-10         0.1 
  12  -106.7897298270    -2.50e-11     2.94e-08     9.65e-13         0.1 

** Total SCF energy = -106.7897298270294

Nuclear repulsion energy = 3.262855837669563
#electrons        = 12
1e energy kinetic = 106.8278105671815439
1e energy N-e     = -265.8173830999829761
1e energy         = -158.9895725328015033
2e energy         = 48.9369868681025508
writing orbitals and density to disk ... done.

Total Time taken for Hartree-Fock: 0.69 secs

CD Options
{
  debug             = false
  skip_cd           = [false, 100]
  write_cv          = [false, 5000]
  diagtol           = 1e-09
  itilesize         = 1000
  max_cvecs_factor  = 12
}

- #occupied, #virtual = 12, 108

- Tilesize for the MSO space: 40

-----------------------------------------------------
Begin 2-index transformation ... 

nAO, nMO, nelectrons = 60, 120, 12
n_occ_alpha, n_vir_alpha, n_occ_beta, n_vir_beta = 6,54,6,54

Time taken for Fao->Fmo transform: 0.00 secs

-----------------------------------------------------
Number of AO tiles = 20
# of {all,non-negligible} shell-pairs = {210,210}

    Begin Cholesky Decomposition
---------------------------------------------
Total # of mpi ranks used for Cholesky decomposition: 8
  --> Number of nodes, mpi ranks per node: 1, 8
- CPU memory required for computing cholesky vectors: 0.06 GiB

- Time for computing the diagonal: 0.01 secs

- Total number of cholesky vectors = 615

- Time to compute cholesky vectors: 0.66 secs

- CPU memory required for resizing the ao cholesky tensor: 0.05 GiB
- CPU memory required for ao2mo transformation: 0.05 GiB
- CPU memory required for the 2-step contraction: 0.07 GiB

- Time for ao to mo transform: 0.09 secs

   End Cholesky Decomposition
---------------------------------------------

Total Time taken for Cholesky Decomposition: 0.80 secs

scf_type = restricted
Closed-Shell SCF
nbf = 60
nbf_orig = 60
n_lindep = 0
focc = 1
nmo = 120
nocc = 12
nvir = 108
n_occ_alpha = 6
n_vir_alpha = 54
n_occ_beta = 6
n_vir_beta = 54
nelectrons = 12
nelectrons_alpha = 6
nelectrons_beta = 6
n_frozen_core = 0
n_frozen_virtual = 0
----------------------------

Total CPU memory required for Closed Shell Cholesky CCSD calculation: 0.11 GiB


 CCSD iterations
------------------------------------------------------------
  Iter     Residuum          Correlation          Time(s)
------------------------------------------------------------
   1     0.7392625852299    0.0000000000000         0.22
   2     0.0699628165253   -0.2987849106084         0.22
   3     0.0359371934721   -0.2909083553588         0.22
   4     0.0369584089374   -0.2992425927541         0.21
   5     0.0742468160479   -0.2954691005733         0.20
 MICROCYCLE DIIS UPDATE:                    6
   6     0.0068046958311   -0.2976442517019         0.20
   7     0.0119689333684   -0.2976527073704         0.20
   8     0.0137215420067   -0.2986348606004         0.21
   9     0.0305108924920   -0.2979315737232         0.20
  10     0.0657583178759   -0.2992445453096         0.20
 MICROCYCLE DIIS UPDATE:                   11
  11     0.0037249579794   -0.2989484281896         0.20
  12     0.0047489405237   -0.2987768915622         0.20
  13     0.0038908117897   -0.2990518469352         0.20
  14     0.0059654492906   -0.2988777672364         0.20
  15     0.0093932772026   -0.2992090218315         0.20
 MICROCYCLE DIIS UPDATE:                   16
  16     0.0022236406218   -0.2993610560032         0.20
  17     0.0029304220636   -0.2994244784336         0.20
  18     0.0066704216712   -0.2994269549029         0.20
  19     0.0149022237104   -0.2995977178819         0.21
  20     0.0365712031597   -0.2992740819921         0.20
 MICROCYCLE DIIS UPDATE:                   21
  21     0.0006854370176   -0.2995449170940         0.20
  22     0.0010619775702   -0.2995249958894         0.20
  23     0.0014380183033   -0.2995610088807         0.20
  24     0.0033870212318   -0.2995275097418         0.20
  25     0.0072432775987   -0.2996125502203         0.20
 MICROCYCLE DIIS UPDATE:                   26
  26     0.0002678054194   -0.2996069459314         0.21
  27     0.0002803842863   -0.2996178729286         0.20
  28     0.0005178900227   -0.2996313768885         0.20
  29     0.0011997914109   -0.2996364202965         0.20
  30     0.0030581325297   -0.2996312763196         0.20
 MICROCYCLE DIIS UPDATE:                   31
  31     0.0000812780431   -0.2996463322469         0.21
  32     0.0001334749632   -0.2996434622190         0.20
  33     0.0001549416277   -0.2996485309224         0.20
  34     0.0003542410151   -0.2996441686928         0.20
  35     0.0007003150657   -0.2996554174830         0.20
 MICROCYCLE DIIS UPDATE:                   36
  36     0.0000325684362   -0.2996538630329         0.21
  37     0.0000362231814   -0.2996552323152         0.20
  38     0.0000490374888   -0.2996571204353         0.20
  39     0.0001247887851   -0.2996565522039         0.20
  40     0.0003022810004   -0.2996589448129         0.20
 MICROCYCLE DIIS UPDATE:                   41
  41     0.0000151947694   -0.2996585228448         0.20
  42     0.0000160552892   -0.2996582540742         0.20
  43     0.0000199455055   -0.2996586147578         0.20
  44     0.0000424877955   -0.2996586009022         0.20
  45     0.0001025124360   -0.2996590270199         0.20
 MICROCYCLE DIIS UPDATE:                   46
  46     0.0000049542683   -0.2996597388701         0.20
  47     0.0000075797225   -0.2996598995049         0.20
  48     0.0000126857678   -0.2996602372725         0.20
  49     0.0000303773015   -0.2996600327415         0.21
  50     0.0000685166682   -0.2996606972122         0.20
 MICROCYCLE DIIS UPDATE:                   51
  51     0.0000022385097   -0.2996604560307         0.20
  52     0.0000026496961   -0.2996604089393         0.20
  53     0.0000031687546   -0.2996604760892         0.20
  54     0.0000077212186   -0.2996604421812         0.20
  55     0.0000183425572   -0.2996605859355         0.21
 MICROCYCLE DIIS UPDATE:                   56
  56     0.0000010028092   -0.2996605914560         0.20
  57     0.0000009356679   -0.2996606385197         0.20
  58     0.0000014050878   -0.2996606771154         0.20
  59     0.0000029811152   -0.2996606938775         0.20
  60     0.0000071970956   -0.2996607017481         0.20
 MICROCYCLE DIIS UPDATE:                   61
  61     0.0000003919583   -0.2996607417682         0.21
  62     0.0000006041130   -0.2996607321196         0.20
  63     0.0000008409083   -0.2996607502677         0.20
  64     0.0000020786468   -0.2996607334485         0.20
  65     0.0000047022870   -0.2996607814222         0.20
 MICROCYCLE DIIS UPDATE:                   66
  66     0.0000001665477   -0.2996607687174         0.20
  67     0.0000001657134   -0.2996607765997         0.20
  68     0.0000002182663   -0.2996607848949         0.20
  69     0.0000005311007   -0.2996607843948         0.21
  70     0.0000012917714   -0.2996607930826         0.20
 MICROCYCLE DIIS UPDATE:                   71
  71     0.0000000727949   -0.2996607941312         0.20
  72     0.0000000748337   -0.2996607929985         0.20
  73     0.0000000767350   -0.2996607947027         0.20
  74     0.0000001427048   -0.2996607947844         0.20
  75     0.0000003206460   -0.2996607967684         0.20
 MICROCYCLE DIIS UPDATE:                   76
  76     0.0000000273749   -0.2996607995635         0.20
  77     0.0000000320887   -0.2996608006307         0.21
  78     0.0000000435780   -0.2996608021156         0.20
  79     0.0000000995053   -0.2996608017498         0.20
  80     0.0000002387965   -0.2996608035562         0.20
 MICROCYCLE DIIS UPDATE:                   81
  81     0.0000000126157   -0.2996608033640         0.20
  82     0.0000000142935   -0.2996608031811         0.20
  83     0.0000000210334   -0.2996608034935         0.20
  84     0.0000000578553   -0.2996608034642         0.20
  85     0.0000001743390   -0.2996608038633         0.21
 MICROCYCLE DIIS UPDATE:                   86
  86     0.0000000056578   -0.2996608041392         0.20
------------------------------------------------------------------
 Iterations converged
 CCSD correlation energy / hartree =        -0.299660804139234
 CCSD total energy / hartree       =      -107.089390631168627

Time taken for Closed Shell Cholesky CCSD: 18.08 secs

Executing DUCC routine
======================
Number of active occupied alpha = 6
Number of active occupied beta  = 6
Number of active virtual alpha  = 4
Number of active virtual beta   = 4
ducc_lvl = 0

Full SCF Energy: -106.789729827029
Bare SCF Energy: -106.789730092564
Frozen Core Energy: 0.000000265534

DUCC: Time taken to compute Bare Hamiltonian: 0.00 secs
Bare Active Space SCF Energy: -106.789730092564
Fully Contracted Scalar: 0.000000000000

DUCC: Total compute time: 0.00 secs

DUCC: Time to write results: 0.01 secs
DUCC Memory Stats
-----------------
allocation count: 709
deallocation count: 708
total memory allocated: 0.662827 GiB
total memory deallocated: 0.662826 GiB
maximum memory in single allocation: 0.380116 GiB
maximum memory consumption: 0.470843 GiB
