
ExaChem Git Information
{
 Branch: main
 Commit Hash: d33902b [d33902b3c81cee5138657f8934cce926b1fb7fe6]
 Commit Date: 2025-09-30 12:01:56 -0700
 Commit Message: [cholesky] make IO optional

 WARNING: The following ExaChem sources have uncommitted changes at build-time.

 M exachem/cc/ducc/ducc-t_ccsd.hpp
 M exachem/cc/ducc/qflow-t_ccsd.cpp
 M exachem/cc/scripts/hamiltonian_extractor/fci_solver.py
 M exachem/cc/scripts/hamiltonian_extractor/grab_data.py

diff --git a/exachem/cc/ducc/ducc-t_ccsd.hpp b/exachem/cc/ducc/ducc-t_ccsd.hpp
index 9c93f85..8f0f448 100644
--- a/exachem/cc/ducc/ducc-t_ccsd.hpp
+++ b/exachem/cc/ducc/ducc-t_ccsd.hpp
@@ -31,2 +31 @@ template<typename T>
-std::pair<double, std::vector<std::pair<std::vector<int>, double>>>
-DUCC_T_QFLOW_Driver(Scheduler& sch, ChemEnv& chem_env, const TiledIndexSpace& MO,
+void DUCC_T_QFLOW_Driver(Scheduler& sch, ChemEnv& chem_env, const TiledIndexSpace& MO,
diff --git a/exachem/cc/ducc/qflow-t_ccsd.cpp b/exachem/cc/ducc/qflow-t_ccsd.cpp
index af056e1..06bfeae 100644
--- a/exachem/cc/ducc/qflow-t_ccsd.cpp
+++ b/exachem/cc/ducc/qflow-t_ccsd.cpp
@@ -250 +250 @@ void ducc_qflow_driver(ExecutionContext& ec, ChemEnv& chem_env) {
-  // TiledIndexSpace&           MO        = chem_env.is_context.MSO;
+  TiledIndexSpace&           MO        = chem_env.is_context.MSO;
@@ -254,2 +254,2 @@ void ducc_qflow_driver(ExecutionContext& ec, ChemEnv& chem_env) {
-  Tensor<T>                  d_t1      = chem_env.cc_context.d_t1_full;
-  Tensor<T>                  d_t2      = chem_env.cc_context.d_t2_full;
+  // Tensor<T>                  d_t1      = chem_env.cc_context.d_t1_full;
+  // Tensor<T>                  d_t2      = chem_env.cc_context.d_t2_full;
@@ -265,2 +265,2 @@ void ducc_qflow_driver(ExecutionContext& ec, ChemEnv& chem_env) {
-  // const TiledIndexSpace& O = MO_AS("occ");
-  // const TiledIndexSpace& V = MO_AS("virt");
+  const TiledIndexSpace& O = MO("occ");
+  const TiledIndexSpace& V = MO("virt");
@@ -268,4 +268,4 @@ void ducc_qflow_driver(ExecutionContext& ec, ChemEnv& chem_env) {
-  // Tensor<T> cholVpr_UT = {{N, N, CI}, {SpinPosition::upper, SpinPosition::lower,
-  // SpinPosition::ignore}}; sch.allocate(cholVpr_UT).execute(); retile_tamm_tensor(cholVpr,
-  // cholVpr_UT); cholesky_2e::V2Tensors<T>& v2tensors_UT = cholesky_2e::setupV2Tensors<T>(ec,
-  // cholVpr_UT, ex_hw); free_tensors(cholVpr, cholVpr_UT);
+  // Tensor<T> cholVpr_sub = {{N, N, CI}, {SpinPosition::upper, SpinPosition::lower,
+  // SpinPosition::ignore}}; sch.allocate(cholVpr_sub).execute(); retile_tamm_tensor(cholVpr,
+  // cholVpr_sub); cholesky_2e::V2Tensors<T>& v2tensors_sub = cholesky_2e::setupV2Tensors<T>(ec,
+  // cholVpr_sub, ex_hw); free_tensors(cholVpr, cholVpr_sub);
@@ -273,3 +273,3 @@ void ducc_qflow_driver(ExecutionContext& ec, ChemEnv& chem_env) {
-  // Tensor<T> dt1_full_ut = Tensor<T>{{V, O}, {1, 1}};
-  // Tensor<T> dt2_full_ut = Tensor<T>{{V, V, O, O}, {2, 2}};
-  // sch.allocate(dt1_full_ut, dt2_full_ut).execute();
+  // Global amplitudes are transformed to dense tensors so they can addresses
+  ExecutionContext ec_dense{ec.pg(), DistributionKind::dense,
+                            MemoryManagerKind::ga};
@@ -276,0 +277,8 @@ void ducc_qflow_driver(ExecutionContext& ec, ChemEnv& chem_env) {
+  Tensor<T> dt1 = Tensor<T>{{V, O}, {1, 1}};
+  Tensor<T> dt2 = Tensor<T>{{V, V, O, O}, {2, 2}};
+  sch.allocate(dt1, dt2).execute();
+
+  Tensor<T> dt1_global = to_dense_tensor(ec_dense, dt1);
+  Tensor<T> dt2_global = to_dense_tensor(ec_dense, dt2);
+
+  free_tensors(dt1, dt2);
@@ -315,2 +323,2 @@ void ducc_qflow_driver(ExecutionContext& ec, ChemEnv& chem_env) {
-  // Combine occ_combinations and occ_combinations in all ways
-  // The are combined with the sum of orbtital energies
+  // Combine occ_combinations and virt_combinations in all ways
+  // They are combined with the sum of orbital energies
@@ -385,0 +394,5 @@ void ducc_qflow_driver(ExecutionContext& ec, ChemEnv& chem_env) {
+
+    // Initialize empty sets for this cycle
+    std::set<std::pair<size_t,size_t>> updated_t1;
+    std::set<std::tuple<size_t,size_t,size_t,size_t>> updated_t2;
+
@@ -410 +423 @@ void ducc_qflow_driver(ExecutionContext& ec, ChemEnv& chem_env) {
-      Tensor<T> cholVpr_UT{{N, N, CI},
+      Tensor<T> cholVpr_sub{{N, N, CI},
@@ -412,5 +425,5 @@ void ducc_qflow_driver(ExecutionContext& ec, ChemEnv& chem_env) {
-      sch.allocate(cholVpr_UT).execute();
-      retile_tamm_tensor(cholVpr, cholVpr_UT);
-      cholesky_2e::V2Tensors<T> v2tensors_UT =
-        cholesky_2e::setupV2Tensors<T>(ec, cholVpr_UT, ex_hw);
-      free_tensors(cholVpr_UT);
+      sch.allocate(cholVpr_sub).execute();
+      retile_tamm_tensor(cholVpr, cholVpr_sub);
+      cholesky_2e::V2Tensors<T> v2tensors_sub =
+        cholesky_2e::setupV2Tensors<T>(ec, cholVpr_sub, ex_hw);
+      free_tensors(cholVpr_sub);
@@ -418,3 +431,3 @@ void ducc_qflow_driver(ExecutionContext& ec, ChemEnv& chem_env) {
-      Tensor<T> dt1_full_ut = Tensor<T>{{V, O}, {1, 1}};
-      Tensor<T> dt2_full_ut = Tensor<T>{{V, V, O, O}, {2, 2}};
-      sch.allocate(dt1_full_ut, dt2_full_ut).execute();
+      Tensor<T> dt1_sub = Tensor<T>{{V, O}, {1, 1}};
+      Tensor<T> dt2_sub = Tensor<T>{{V, V, O, O}, {2, 2}};
+      sch.allocate(dt1_sub, dt2_sub).execute();
@@ -423 +436,3 @@ void ducc_qflow_driver(ExecutionContext& ec, ChemEnv& chem_env) {
-      sch(dt1_full_ut() = 0.0)(dt2_full_ut() = 0.0).execute(ex_hw);
+      from_dense_tensor(dt1_global, dt1_sub);
+      from_dense_tensor(dt2_global, dt2_sub);
+      // sch(dt1_sub() = 0.0)(dt2_sub() = 0.0).execute(ex_hw);
@@ -425,3 +440,3 @@ void ducc_qflow_driver(ExecutionContext& ec, ChemEnv& chem_env) {
-      Tensor<T> d_f1_UT = Tensor<T>{{N, N}, {1, 1}};
-      sch.allocate(d_f1_UT).execute();
-      retile_tamm_tensor(d_f1, d_f1_UT);
+      Tensor<T> d_f1_sub = Tensor<T>{{N, N}, {1, 1}};
+      sch.allocate(d_f1_sub).execute();
+      retile_tamm_tensor(d_f1, d_f1_sub);
@@ -430 +445 @@ void ducc_qflow_driver(ExecutionContext& ec, ChemEnv& chem_env) {
-      DUCC_T_CCSD_Driver<T>(chem_env, ec, MO_AS, dt1_full_ut, dt2_full_ut, d_f1_UT, v2tensors_UT,
+      DUCC_T_CCSD_Driver<T>(chem_env, ec, MO_AS, dt1_sub, dt2_sub, d_f1_sub, v2tensors_sub,
@@ -433 +448,46 @@ void ducc_qflow_driver(ExecutionContext& ec, ChemEnv& chem_env) {
-      free_tensors(d_f1_UT, dt1_full_ut, dt2_full_ut);
+      // Get QFlow results
+      auto& qflow_results = chem_env.sys_data.results["output"]["QFlow"]["results"];
+
+      // Get XACC ordering
+      auto xacc_order = qflow_results["xacc_order"].get<std::vector<int>>();
+      std::cout << "XACC Ordering: ";
+      for(const auto& idx : xacc_order) {
+          std::cout << idx << " ";
+      }
+      std::cout << std::endl;
+
+      // // Get amplitudes 
+      // std::cout << "QFlow Amplitudes:" << std::endl;
+      // for(const auto& amp : qflow_results["amplitudes"]) {
+      //     std::cout << "  [";
+      //     for(size_t i = 0; i < amp["indices"].size(); ++i) {
+      //         std::cout << amp["indices"][i];
+      //         if(i < amp["indices"].size() - 1) std::cout << ", ";
+      //     }
+      //     std::cout << "] -> " << amp["value"].get<double>() << std::endl;
+      // }
+
+      for(const auto& amp : qflow_results["amplitudes"]) {
+        if(amp["indices"].size() == 2) {
+            size_t v = xacc_order[amp["indices"][1]];
+            size_t o = xacc_order[amp["indices"][0]];
+            auto t1_key = std::make_pair(v,o);
+            if(updated_t1.find(t1_key) == updated_t1.end()) {
+              updated_t1.insert(t1_key);
+              update_tensor_val(dt1_global, {v,o}, amp["value"].get<double>());
+            }
+          } else if(amp["indices"].size() == 4) {
+            // Could be 3,2,1,0 ordering
+            size_t v1 = xacc_order[amp["indices"][3]];
+            size_t v2 = xacc_order[amp["indices"][2]];
+            size_t o1 = xacc_order[amp["indices"][0]];
+            size_t o2 = xacc_order[amp["indices"][1]];
+            auto t2_key = std::make_tuple(v1,v2,o1,o2);
+            if(updated_t2.find(t2_key) == updated_t2.end()) {
+              updated_t2.insert(t2_key);
+              update_tensor_val(dt2_global, {v1,v2,o1,o2}, amp["value"].get<double>());
+            }
+        }
+      }
+      
+      free_tensors(d_f1_sub, dt1_sub, dt2_sub);
@@ -438 +498,3 @@ void ducc_qflow_driver(ExecutionContext& ec, ChemEnv& chem_env) {
-  free_tensors(cholVpr, d_t1, d_t2, d_f1);
+  // free_tensors(cholVpr, d_t1, d_t2, d_f1);
+  free_tensors(cholVpr, d_f1);
+  Tensor<T>::deallocate(dt1_global, dt2_global);
@@ -446,7 +508,6 @@ template<typename T>
-std::pair<double, std::vector<std::pair<std::vector<int>, double>>>
-DUCC_T_QFLOW_Driver(Scheduler& sch, ChemEnv& chem_env, const TiledIndexSpace& MO,
-                    const Tensor<T>& ftij, const Tensor<T>& ftia, const Tensor<T>& ftab,
-                    const Tensor<T>& vtijkl, const Tensor<T>& vtijka, const Tensor<T>& vtaijb,
-                    const Tensor<T>& vtijab, const Tensor<T>& vtiabc, const Tensor<T>& vtabcd,
-                    ExecutionHW ex_hw, T shift, IndexVector& occ_int_vec, IndexVector& virt_int_vec,
-                    string& pos_str) {
+void DUCC_T_QFLOW_Driver(Scheduler& sch, ChemEnv& chem_env, const TiledIndexSpace& MO,
+                          const Tensor<T>& ftij, const Tensor<T>& ftia, const Tensor<T>& ftab,
+                          const Tensor<T>& vtijkl, const Tensor<T>& vtijka, const Tensor<T>& vtaijb,
+                          const Tensor<T>& vtijab, const Tensor<T>& vtiabc, const Tensor<T>& vtabcd,
+                          ExecutionHW ex_hw, T shift, IndexVector& occ_int_vec, IndexVector& virt_int_vec,
+                          string& pos_str) {
@@ -457,0 +519 @@ DUCC_T_QFLOW_Driver(Scheduler& sch, ChemEnv& chem_env, const TiledIndexSpace& MO
+  SystemData& sys_data = chem_env.sys_data;
@@ -828 +890 @@ DUCC_T_QFLOW_Driver(Scheduler& sch, ChemEnv& chem_env, const TiledIndexSpace& MO
-    std::cout << std::endl
+    std::cout << std::setprecision(6) << std::endl
@@ -834 +896,20 @@ DUCC_T_QFLOW_Driver(Scheduler& sch, ChemEnv& chem_env, const TiledIndexSpace& MO
-    std::cout << "Final Energy: " << results.first << "" << std::endl;
+    // Store results in sys_data.results for use elsewhere in the code
+    sys_data.results["output"]["QFlow"]["results"]["energy"] = results.first;
+    
+    // Store amplitudes in sys_data.results
+    nlohmann::json amplitudes_json = nlohmann::json::array();
+    for(const auto& pair: results.second) {
+      const std::vector<int>& vec = pair.first;
+      double                  val = pair.second;
+      
+      nlohmann::json amp_entry;
+      amp_entry["indices"] = vec;
+      amp_entry["value"] = val;
+      amplitudes_json.push_back(amp_entry);
+    }
+    sys_data.results["output"]["QFlow"]["results"]["amplitudes"] = amplitudes_json;
+
+    // Store XACC_order in sys_data.results
+    sys_data.results["output"]["QFlow"]["results"]["xacc_order"] = XACC_order;
+
+    std::cout << std::setprecision(10) << "Final Energy: " << results.first << "" << std::endl;
@@ -853 +933,0 @@ DUCC_T_QFLOW_Driver(Scheduler& sch, ChemEnv& chem_env, const TiledIndexSpace& MO
-  return results;
@@ -857,7 +937,6 @@ using T = double;
-template std::pair<double, std::vector<std::pair<std::vector<int>, double>>>
-DUCC_T_QFLOW_Driver<T>(Scheduler& sch, ChemEnv& chem_env, const TiledIndexSpace& MO,
-                       const Tensor<T>& ftij, const Tensor<T>& ftia, const Tensor<T>& ftab,
-                       const Tensor<T>& vtijkl, const Tensor<T>& vtijka, const Tensor<T>& vtaijb,
-                       const Tensor<T>& vtijab, const Tensor<T>& vtiabc, const Tensor<T>& vtabcd,
-                       ExecutionHW ex_hw, T shift, IndexVector& occ_int_vec,
-                       IndexVector& virt_int_vec, string& pos_str);
+template void DUCC_T_QFLOW_Driver<T>(Scheduler& sch, ChemEnv& chem_env, const TiledIndexSpace& MO,
+                                      const Tensor<T>& ftij, const Tensor<T>& ftia, const Tensor<T>& ftab,
+                                      const Tensor<T>& vtijkl, const Tensor<T>& vtijka, const Tensor<T>& vtaijb,
+                                      const Tensor<T>& vtijab, const Tensor<T>& vtiabc, const Tensor<T>& vtabcd,
+                                      ExecutionHW ex_hw, T shift, IndexVector& occ_int_vec,
+                                      IndexVector& virt_int_vec, string& pos_str);
diff --git a/exachem/cc/scripts/hamiltonian_extractor/fci_solver.py b/exachem/cc/scripts/hamiltonian_extractor/fci_solver.py
index 75711ad..cfa11ab 100644
--- a/exachem/cc/scripts/hamiltonian_extractor/fci_solver.py
+++ b/exachem/cc/scripts/hamiltonian_extractor/fci_solver.py
@@ -4 +3,0 @@ Full Configuration Interaction (FCI) solver implementation.
-from pyscf import fci
@@ -20 +19,5 @@ def parse_fci_vector(ci_vecmat: np.ndarray, orbs: int, electrons: int, threshold
-    from pyscf.fci import cistring
+    try:
+        from pyscf.fci import cistring
+    except ImportError:
+        raise ImportError("PySCF is required for parsing FCI vectors. Please install it using 'pip install pyscf'.")
+    
@@ -61,0 +65,6 @@ def solve_fci(data, n_roots: int = 1, threshold: float = 0.001, max_space: int =
+    # Import pyscf only when needed
+    try:
+        from pyscf import fci
+    except ImportError:
+        raise ImportError("PySCF is required for FCI calculations. Please install it using 'pip install pyscf'.")
+    
diff --git a/exachem/cc/scripts/hamiltonian_extractor/grab_data.py b/exachem/cc/scripts/hamiltonian_extractor/grab_data.py
index 2a04b34..8d47e3f 100644
--- a/exachem/cc/scripts/hamiltonian_extractor/grab_data.py
+++ b/exachem/cc/scripts/hamiltonian_extractor/grab_data.py
@@ -83,2 +83,2 @@ def _extract_output_data(output_file, data):
-                elif ln_segments[:3] == ['Bare', 'SCF', 'Energy:']:
-                    bare_scf = float(ln_segments[3])
+                elif ln_segments[:5] == ['Bare', 'Active', 'Space', 'SCF', 'Energy:']:
+                    bare_scf = float(ln_segments[5])

}


TAMM Git Information
{
 Branch: main
 Commit Hash: c00148cb [c00148cb8eb9a282939c6227de5f4631680c5370]
 Commit Date: 2025-09-30 12:38:26 -0700
 Commit Message: utility routine to copy dense tensors
}


date: Fri Oct  3 08:54:49 2025
program: "/hpc/home/baum612/code/exachem-dev/build/methods_stage/hpc/home/baum612/code/tamm_install/methods/ExaChem"
nnodes: 1, nproc_per_node: 8, nproc_total: 8, 
Memory information
{
[Intel(R) Xeon(R) Platinum 8276M CPU @ 2.20GHz] : 
  CPU memory per node (GiB): 6046
  Total CPU memory (GiB): 6046
}

------------------------------------------------------------

Input file provided: /hpc/home/baum612/TESTS/TEC4/DUCC-TEC4/LiF/2.200-Eq.json

{
  "geometry": {
    "coordinates": [
      "Li  0 0 0",
      "F  0  0.0  3.440580"
    ],
    "units": "angstrom"
  },
  "common": {
    "maxiter": 200
  },
  "basis": {
    "basisset": "cc-pVTZ"
  },
  "SCF": {
    "tol_int": 1e-18,
    "tol_sch": 1e-12,
    "tol_lindep": 1e-05,
    "conve": 1e-08,
    "convd": 1e-07,
    "scf_type": "restricted"
  },
  "CD": {
    "debug": false,
    "diagtol": 1e-09
  },
  "CC": {
    "threshold": 1e-08,
    "ccsd_maxiter": 150,
    "nactive_oa": 5,
    "nactive_ob": 5,
    "nactive_va": 4,
    "nactive_vb": 4,
    "PRINT": {},
    "ducc_lvl": 2
  },
  "TASK": {
    "ducc": [
      true,
      "default"
    ]
  }
}

Output folder & files prefix: 2.200-Eq.cc-pvtz

  Li (lithium)
  ------------
          Exponent        Coefficients
      ----------------  --------------------
  1 S  5.98800000E+03      0.064619
  1 S  8.98900000E+02      0.120104
  1 S  2.05900000E+02      0.204535
  1 S  5.92400000E+01      0.318977
  1 S  1.98700000E+01      0.445628
  1 S  7.40600000E+00      0.531197
  1 S  2.93000000E+00      0.503573
  1 S  1.18900000E+00      0.319820
  1 S  4.79800000E-01      0.078538

  2 S  5.98800000E+03     -0.037675
  2 S  8.98900000E+02     -0.069659
  2 S  2.05900000E+02     -0.117469
  2 S  5.92400000E+01     -0.187176
  2 S  1.98700000E+01     -0.260910
  2 S  7.40600000E+00     -0.332441
  2 S  2.93000000E+00     -0.330149
  2 S  1.18900000E+00     -0.297802
  2 S  4.79800000E-01     -0.170456

  3 S  7.50900000E-02      0.102234

  4 S  2.83200000E-02      0.049202

  5 P  3.26600000E+00      0.222451
  5 P  6.51100000E-01      0.163232
  5 P  1.69600000E-01      0.134040

  6 P  5.57800000E-02      0.038640

  7 P  2.05000000E-02      0.011057

  8 D  1.87400000E-01      0.087853

  9 D  8.01000000E-02      0.019850

  10 F  1.82900000E-01      0.032206


  F (fluorine)
  ------------
          Exponent        Coefficients
      ----------------  --------------------
  1 S  1.95000000E+04      0.610821
  1 S  2.92300000E+03      1.138598
  1 S  6.64500000E+02      1.930203
  1 S  1.87500000E+02      2.922896
  1 S  6.06200000E+01      3.655092
  1 S  2.14200000E+01      3.146693
  1 S  7.95000000E+00      1.209704
  1 S  8.81500000E-01     -0.005242

  2 S  1.95000000E+04     -0.234735
  2 S  2.92300000E+03     -0.440790
  2 S  6.64500000E+02     -0.750590
  2 S  1.87500000E+02     -1.175794
  2 S  6.06200000E+01     -1.575703
  2 S  2.14200000E+01     -1.694881
  2 S  7.95000000E+00     -1.017604
  2 S  8.81500000E-01      0.669219

  3 S  2.25700000E+00      1.312377

  4 S  3.04100000E-01      0.291859

  5 P  4.38800000E+01      6.745828
  5 P  9.92600000E+00      6.597273
  5 P  2.93000000E+00      4.359097

  6 P  9.13200000E-01      1.272470

  7 P  2.67200000E-01      0.273833

  8 D  3.10700000E+00     11.967589

  9 D  8.55000000E-01      1.251267

  10 F  1.91700000E+00      6.365818



Printing Internal Coordinates

------------------------------------------------------------
                Bond Lengths

i      j        Length (Angstroms)     Length (Bohr)
0      1          3.4405800000         6.5017539143

Number of Angles: 0
Number of Torsional Angles: 0


----------------------------------------------------------------------
                          Center of Mass

         x               y               z              Unit
               0               0     2.512666641      Angstrom
               0               0     4.748251798          Bohr

----------------------------------------------------------------------
                Moment of Inertia Tensor

           216.598                 0                 0
                 0           216.598                 0
                 0                 0                 0

----------------------------------------------------------------------
                      Principal Moments of Inertia

           x                 y                 z                Unit
                 0       60.65353464       60.65353464       amu * ang^2
                 0       216.5977044       216.5977044      amu * bohr^2
  0.0000000000e+00  1.0071763254e-38  1.0071763254e-38          g * cm^2

 - Molecule is diatomic.

----------------------------------------------------------------------

         Rotational constants (MHz)

    A = inf        B = 8.3322e+03        C = 8.3322e+03

----------------------------------------------------------------------

        Rotational constants (cm-1)

    A = inf        B = 2.7793e-01        C = 2.7793e-01

----------------------------------------------------------------------

                                Z-Matrix
Li  
F        1       6.5017539

----------------------------------------------------------------------

             Converted back to Cartesian

Li       0.000000      0.000000      0.000000
F        0.000000      0.000000      6.501754

----------------------------------------------------------------------
                       Geometry in bohr 

1     Li      0.0000000000    0.0000000000    0.0000000000
2     F       0.0000000000    0.0000000000    6.5017539143

 Number of nodes, processes per node used for SCF calculation: 1, 8

Common Options
{
  maxiter       = 200
  basis         = cc-pvtz spherical
  geom_units    = angstrom
  ang2au factor = 1.889726126
  debug         = false
  file_prefix   = 2.200-Eq
}

SCF Options
{
  charge            = 0
  multiplicity      = 1
  level shift       = 0
  tol_int           = 1e-18
  tol_sch           = 1e-12
  tol_lindep        = 1e-05
  conve             = 1e-08
  convd             = 1e-07
  diis_hist         = 10
  AO_tilesize       = 30
  writem            = 1
  damp              = 100
  n_lindep          = 0
  scf_type          = restricted
  cuscf             = false
  direct_df         = false
  restart_size      = 2000
  restart           = false
  debug             = false
}

Number of basis functions = 60

Total number of shells = 20

Total number of electrons = 12
  # of alpha electrons    = 6
  # of beta electons      = 6

Nuclear repulsion energy  = 4.15272561157944

# of {all,non-negligible} shell-pairs = {210,210}
Number of AO tiles = 20

Time for initial setup: 0.00 secs
HF exch = 1.00

Time for computing 1-e integrals T, V, S: 0.00 secs
Time for computing orthogonalizer: 0.00 secs

Superposition of Atomic Density Guess ...
Time taken for SAD: 0.11 secs
Total Time to compute initial guess: 0.11 secs


 SCF iterations
-----------------------------------------------------------------------------
 Iter     Energy            E-Diff       RMSD        |[F,P]|^2       Time(s)
-----------------------------------------------------------------------------
   1  -106.4451154210    -1.06e+02     1.32e-02     3.51e-01         0.0 
   2  -106.7311464043    -2.86e-01     1.50e-03     1.79e+00         0.0 
   3  -106.7725748168    -4.14e-02     4.77e-03     9.82e-01         0.0 
   4  -106.8290482188    -5.65e-02     1.45e-03     2.08e-02         0.0 
   5  -106.8312634962    -2.22e-03     4.88e-04     7.03e-04         0.0 
   6  -106.8314450580    -1.82e-04     1.85e-04     8.00e-05         0.0 
   7  -106.8314658721    -2.08e-05     4.36e-05     3.58e-06         0.0 
   8  -106.8314669459    -1.07e-06     6.82e-06     1.52e-07         0.0 
   9  -106.8314669728    -2.69e-08     2.20e-06     1.56e-08         0.0 
  10  -106.8314669745    -1.64e-09     3.15e-07     1.39e-10         0.0 
  11  -106.8314669745    -3.87e-11     6.99e-08     1.89e-12         0.0 

** Total SCF energy = -106.8314669744926

Nuclear repulsion energy = 4.152725611579442
#electrons        = 12
1e energy kinetic = 106.7743265661319185
1e energy N-e     = -267.2278790544621643
1e energy         = -160.4535524883302173
2e energy         = 49.4693599022581765
writing orbitals and density to disk ... done.

Total Time taken for Hartree-Fock: 0.58 secs

CD Options
{
  debug             = false
  skip_cd           = [false, 100]
  write_cv          = [false, 5000]
  diagtol           = 1e-09
  itilesize         = 1000
  max_cvecs_factor  = 12
}

- #occupied, #virtual = 12, 108

- Tilesize for the MSO space: 40

-----------------------------------------------------
Begin 2-index transformation ... 

nAO, nMO, nelectrons = 60, 120, 12
n_occ_alpha, n_vir_alpha, n_occ_beta, n_vir_beta = 6,54,6,54

Time taken for Fao->Fmo transform: 0.00 secs

-----------------------------------------------------
Number of AO tiles = 20
# of {all,non-negligible} shell-pairs = {210,210}

    Begin Cholesky Decomposition
---------------------------------------------
Total # of mpi ranks used for Cholesky decomposition: 8
  --> Number of nodes, mpi ranks per node: 1, 8
- CPU memory required for computing cholesky vectors: 0.06 GiB

- Time for computing the diagonal: 0.01 secs

- Total number of cholesky vectors = 651

- Time to compute cholesky vectors: 0.64 secs

- CPU memory required for resizing the ao cholesky tensor: 0.05 GiB
- CPU memory required for ao2mo transformation: 0.05 GiB
- CPU memory required for the 2-step contraction: 0.07 GiB

- Time for ao to mo transform: 0.12 secs

   End Cholesky Decomposition
---------------------------------------------

Total Time taken for Cholesky Decomposition: 0.81 secs

scf_type = restricted
Closed-Shell SCF
nbf = 60
nbf_orig = 60
n_lindep = 0
focc = 1
nmo = 120
nocc = 12
nvir = 108
n_occ_alpha = 6
n_vir_alpha = 54
n_occ_beta = 6
n_vir_beta = 54
nelectrons = 12
nelectrons_alpha = 6
nelectrons_beta = 6
n_frozen_core = 0
n_frozen_virtual = 0
----------------------------

Total CPU memory required for Closed Shell Cholesky CCSD calculation: 0.12 GiB


 CCSD iterations
------------------------------------------------------------
  Iter     Residuum          Correlation          Time(s)
------------------------------------------------------------
   1     0.7401153736940    0.0000000000000         0.53
   2     0.0716847037000   -0.3033205784840         0.52
   3     0.0337232128480   -0.2931167380454         0.51
   4     0.0212908870864   -0.3025220156652         0.51
   5     0.0302095428719   -0.2991137554780         0.53
 MICROCYCLE DIIS UPDATE:                    6
   6     0.0046576441823   -0.3011529383525         0.57
   7     0.0065916180078   -0.3009536416285         0.57
   8     0.0045483427636   -0.3016703191769         0.57
   9     0.0072912641996   -0.3013511443154         0.57
  10     0.0103123609506   -0.3018467404513         0.57
 MICROCYCLE DIIS UPDATE:                   11
  11     0.0012726977005   -0.3019146904933         0.57
  12     0.0008748031354   -0.3018736283306         0.57
  13     0.0009747188165   -0.3018758947553         0.58
  14     0.0010155697115   -0.3018910452549         0.60
  15     0.0016373366873   -0.3018743470503         0.56
 MICROCYCLE DIIS UPDATE:                   16
  16     0.0001909859391   -0.3019059618671         0.57
  17     0.0002207096013   -0.3019004569584         0.57
  18     0.0001833318932   -0.3019224300166         0.57
  19     0.0002707910330   -0.3019139915170         0.57
  20     0.0003800536914   -0.3019281329433         0.57
 MICROCYCLE DIIS UPDATE:                   21
  21     0.0000514674834   -0.3019300301544         0.56
  22     0.0000375390626   -0.3019276651406         0.57
  23     0.0000381357331   -0.3019281874860         0.57
  24     0.0000434355140   -0.3019284684989         0.57
  25     0.0000717894257   -0.3019284154464         0.57
 MICROCYCLE DIIS UPDATE:                   26
  26     0.0000078584816   -0.3019298303911         0.57
  27     0.0000090780794   -0.3019296273042         0.57
  28     0.0000083852497   -0.3019303809241         0.57
  29     0.0000120920911   -0.3019300778665         0.57
  30     0.0000161260093   -0.3019306245372         0.57
 MICROCYCLE DIIS UPDATE:                   31
  31     0.0000018950325   -0.3019306605449         0.57
  32     0.0000014259807   -0.3019305738569         0.57
  33     0.0000013315426   -0.3019305970683         0.57
  34     0.0000015727417   -0.3019305993907         0.57
  35     0.0000025644129   -0.3019306091561         0.56
 MICROCYCLE DIIS UPDATE:                   36
  36     0.0000002181830   -0.3019306685230         0.56
  37     0.0000002458872   -0.3019306670593         0.57
  38     0.0000002678279   -0.3019306800382         0.56
  39     0.0000003759754   -0.3019306754637         0.56
  40     0.0000004967406   -0.3019306866290         0.56
 MICROCYCLE DIIS UPDATE:                   41
  41     0.0000000385695   -0.3019306868225         0.57
  42     0.0000000314650   -0.3019306856375         0.57
  43     0.0000000329354   -0.3019306857825         0.57
  44     0.0000000472903   -0.3019306858986         0.56
  45     0.0000000785744   -0.3019306861659         0.57
 MICROCYCLE DIIS UPDATE:                   46
  46     0.0000000066113   -0.3019306869872         0.57
------------------------------------------------------------------
 Iterations converged
 CCSD correlation energy / hartree =        -0.301930686987176
 CCSD total energy / hartree       =      -107.133397661479805

Time taken for Closed Shell Cholesky CCSD: 26.26 secs

Executing DUCC routine
======================
Number of active occupied alpha = 5
Number of active occupied beta  = 5
Number of active virtual alpha  = 4
Number of active virtual beta   = 4
ducc_lvl = 2

Full SCF Energy: -106.831466974493
Bare SCF Energy: -106.831465301661
Frozen Core Energy: -0.000001672832

DUCC: Time taken to compute Bare Hamiltonian: 0.00 secs
Bare Active Space SCF Energy: -30.430805676199

DUCC: Time taken to compute single commutator of F and V and double commutator of F: 0.35 secs

DUCC: Time taken to compute double commutator of V and triple commutator of F: 7.25 secs
Fully Contracted Scalar: -0.303381870873

DUCC SCF energy: -30.731817288823
Total Energy Shift: -76.403031556543

DUCC: Total compute time: 7.60 secs

DUCC: Time to write results: 0.01 secs
DUCC Memory Stats
-----------------
allocation count: 3788
deallocation count: 3787
total memory allocated: 1.907775 GiB
total memory deallocated: 1.907774 GiB
maximum memory in single allocation: 0.380116 GiB
maximum memory consumption: 0.600216 GiB
