
ExaChem Git Information
{
 Branch: main
 Commit Hash: d33902b [d33902b3c81cee5138657f8934cce926b1fb7fe6]
 Commit Date: 2025-09-30 12:01:56 -0700
 Commit Message: [cholesky] make IO optional

 WARNING: The following ExaChem sources have uncommitted changes at build-time.

 M exachem/cc/ducc/ducc-t_ccsd.hpp
 M exachem/cc/ducc/qflow-t_ccsd.cpp
 M exachem/cc/scripts/hamiltonian_extractor/fci_solver.py
 M exachem/cc/scripts/hamiltonian_extractor/grab_data.py

diff --git a/exachem/cc/ducc/ducc-t_ccsd.hpp b/exachem/cc/ducc/ducc-t_ccsd.hpp
index 9c93f85..8f0f448 100644
--- a/exachem/cc/ducc/ducc-t_ccsd.hpp
+++ b/exachem/cc/ducc/ducc-t_ccsd.hpp
@@ -31,2 +31 @@ template<typename T>
-std::pair<double, std::vector<std::pair<std::vector<int>, double>>>
-DUCC_T_QFLOW_Driver(Scheduler& sch, ChemEnv& chem_env, const TiledIndexSpace& MO,
+void DUCC_T_QFLOW_Driver(Scheduler& sch, ChemEnv& chem_env, const TiledIndexSpace& MO,
diff --git a/exachem/cc/ducc/qflow-t_ccsd.cpp b/exachem/cc/ducc/qflow-t_ccsd.cpp
index af056e1..15388eb 100644
--- a/exachem/cc/ducc/qflow-t_ccsd.cpp
+++ b/exachem/cc/ducc/qflow-t_ccsd.cpp
@@ -250 +250 @@ void ducc_qflow_driver(ExecutionContext& ec, ChemEnv& chem_env) {
-  // TiledIndexSpace&           MO        = chem_env.is_context.MSO;
+  TiledIndexSpace&           MO        = chem_env.is_context.MSO;
@@ -254,2 +254,2 @@ void ducc_qflow_driver(ExecutionContext& ec, ChemEnv& chem_env) {
-  Tensor<T>                  d_t1      = chem_env.cc_context.d_t1_full;
-  Tensor<T>                  d_t2      = chem_env.cc_context.d_t2_full;
+  // Tensor<T>                  d_t1      = chem_env.cc_context.d_t1_full;
+  // Tensor<T>                  d_t2      = chem_env.cc_context.d_t2_full;
@@ -265,2 +265,2 @@ void ducc_qflow_driver(ExecutionContext& ec, ChemEnv& chem_env) {
-  // const TiledIndexSpace& O = MO_AS("occ");
-  // const TiledIndexSpace& V = MO_AS("virt");
+  const TiledIndexSpace& O = MO("occ");
+  const TiledIndexSpace& V = MO("virt");
@@ -268,4 +268,4 @@ void ducc_qflow_driver(ExecutionContext& ec, ChemEnv& chem_env) {
-  // Tensor<T> cholVpr_UT = {{N, N, CI}, {SpinPosition::upper, SpinPosition::lower,
-  // SpinPosition::ignore}}; sch.allocate(cholVpr_UT).execute(); retile_tamm_tensor(cholVpr,
-  // cholVpr_UT); cholesky_2e::V2Tensors<T>& v2tensors_UT = cholesky_2e::setupV2Tensors<T>(ec,
-  // cholVpr_UT, ex_hw); free_tensors(cholVpr, cholVpr_UT);
+  // Tensor<T> cholVpr_sub = {{N, N, CI}, {SpinPosition::upper, SpinPosition::lower,
+  // SpinPosition::ignore}}; sch.allocate(cholVpr_sub).execute(); retile_tamm_tensor(cholVpr,
+  // cholVpr_sub); cholesky_2e::V2Tensors<T>& v2tensors_sub = cholesky_2e::setupV2Tensors<T>(ec,
+  // cholVpr_sub, ex_hw); free_tensors(cholVpr, cholVpr_sub);
@@ -273,3 +273,3 @@ void ducc_qflow_driver(ExecutionContext& ec, ChemEnv& chem_env) {
-  // Tensor<T> dt1_full_ut = Tensor<T>{{V, O}, {1, 1}};
-  // Tensor<T> dt2_full_ut = Tensor<T>{{V, V, O, O}, {2, 2}};
-  // sch.allocate(dt1_full_ut, dt2_full_ut).execute();
+  // Global amplitudes are transformed to dense tensors so they can addresses
+  ExecutionContext ec_dense{ec.pg(), DistributionKind::dense,
+                            MemoryManagerKind::ga};
@@ -276,0 +277,8 @@ void ducc_qflow_driver(ExecutionContext& ec, ChemEnv& chem_env) {
+  Tensor<T> dt1 = Tensor<T>{{V, O}, {1, 1}};
+  Tensor<T> dt2 = Tensor<T>{{V, V, O, O}, {2, 2}};
+  sch.allocate(dt1, dt2).execute();
+
+  Tensor<T> dt1_global = to_dense_tensor(ec_dense, dt1);
+  Tensor<T> dt2_global = to_dense_tensor(ec_dense, dt2);
+
+  free_tensors(dt1, dt2);
@@ -315,2 +323,2 @@ void ducc_qflow_driver(ExecutionContext& ec, ChemEnv& chem_env) {
-  // Combine occ_combinations and occ_combinations in all ways
-  // The are combined with the sum of orbtital energies
+  // Combine occ_combinations and virt_combinations in all ways
+  // They are combined with the sum of orbital energies
@@ -410 +418 @@ void ducc_qflow_driver(ExecutionContext& ec, ChemEnv& chem_env) {
-      Tensor<T> cholVpr_UT{{N, N, CI},
+      Tensor<T> cholVpr_sub{{N, N, CI},
@@ -412,5 +420,5 @@ void ducc_qflow_driver(ExecutionContext& ec, ChemEnv& chem_env) {
-      sch.allocate(cholVpr_UT).execute();
-      retile_tamm_tensor(cholVpr, cholVpr_UT);
-      cholesky_2e::V2Tensors<T> v2tensors_UT =
-        cholesky_2e::setupV2Tensors<T>(ec, cholVpr_UT, ex_hw);
-      free_tensors(cholVpr_UT);
+      sch.allocate(cholVpr_sub).execute();
+      retile_tamm_tensor(cholVpr, cholVpr_sub);
+      cholesky_2e::V2Tensors<T> v2tensors_sub =
+        cholesky_2e::setupV2Tensors<T>(ec, cholVpr_sub, ex_hw);
+      free_tensors(cholVpr_sub);
@@ -418,3 +426,3 @@ void ducc_qflow_driver(ExecutionContext& ec, ChemEnv& chem_env) {
-      Tensor<T> dt1_full_ut = Tensor<T>{{V, O}, {1, 1}};
-      Tensor<T> dt2_full_ut = Tensor<T>{{V, V, O, O}, {2, 2}};
-      sch.allocate(dt1_full_ut, dt2_full_ut).execute();
+      Tensor<T> dt1_sub = Tensor<T>{{V, O}, {1, 1}};
+      Tensor<T> dt2_sub = Tensor<T>{{V, V, O, O}, {2, 2}};
+      sch.allocate(dt1_sub, dt2_sub).execute();
@@ -423 +431,3 @@ void ducc_qflow_driver(ExecutionContext& ec, ChemEnv& chem_env) {
-      sch(dt1_full_ut() = 0.0)(dt2_full_ut() = 0.0).execute(ex_hw);
+      from_dense_tensor(dt1_global, dt1_sub);
+      from_dense_tensor(dt2_global, dt2_sub);
+      // sch(dt1_sub() = 0.0)(dt2_sub() = 0.0).execute(ex_hw);
@@ -425,3 +435,3 @@ void ducc_qflow_driver(ExecutionContext& ec, ChemEnv& chem_env) {
-      Tensor<T> d_f1_UT = Tensor<T>{{N, N}, {1, 1}};
-      sch.allocate(d_f1_UT).execute();
-      retile_tamm_tensor(d_f1, d_f1_UT);
+      Tensor<T> d_f1_sub = Tensor<T>{{N, N}, {1, 1}};
+      sch.allocate(d_f1_sub).execute();
+      retile_tamm_tensor(d_f1, d_f1_sub);
@@ -430 +440 @@ void ducc_qflow_driver(ExecutionContext& ec, ChemEnv& chem_env) {
-      DUCC_T_CCSD_Driver<T>(chem_env, ec, MO_AS, dt1_full_ut, dt2_full_ut, d_f1_UT, v2tensors_UT,
+      DUCC_T_CCSD_Driver<T>(chem_env, ec, MO_AS, dt1_sub, dt2_sub, d_f1_sub, v2tensors_sub,
@@ -433 +443,23 @@ void ducc_qflow_driver(ExecutionContext& ec, ChemEnv& chem_env) {
-      free_tensors(d_f1_UT, dt1_full_ut, dt2_full_ut);
+      // // Get QFlow results
+      // auto& qflow_results = chem_env.sys_data.results["output"]["QFlow"]["results"];
+
+      // // Get XACC ordering
+      // auto xacc_order = qflow_results["xacc_order"].get<std::vector<int>>();
+      // std::cout << "XACC Ordering: ";
+      // for(const auto& idx : xacc_order) {
+      //     std::cout << idx << " ";
+      // }
+      // std::cout << std::endl;
+
+      // // Get amplitudes 
+      // std::cout << "QFlow Amplitudes:" << std::endl;
+      // for(const auto& amp : qflow_results["amplitudes"]) {
+      //     std::cout << "  [";
+      //     for(size_t i = 0; i < amp["indices"].size(); ++i) {
+      //         std::cout << amp["indices"][i];
+      //         if(i < amp["indices"].size() - 1) std::cout << ", ";
+      //     }
+      //     std::cout << "] -> " << amp["value"].get<double>() << std::endl;
+      // }
+      
+      free_tensors(d_f1_sub, dt1_sub, dt2_sub);
@@ -438 +470,3 @@ void ducc_qflow_driver(ExecutionContext& ec, ChemEnv& chem_env) {
-  free_tensors(cholVpr, d_t1, d_t2, d_f1);
+  // free_tensors(cholVpr, d_t1, d_t2, d_f1);
+  free_tensors(cholVpr, d_f1);
+  Tensor<T>::deallocate(dt1_global, dt2_global);
@@ -446,7 +480,6 @@ template<typename T>
-std::pair<double, std::vector<std::pair<std::vector<int>, double>>>
-DUCC_T_QFLOW_Driver(Scheduler& sch, ChemEnv& chem_env, const TiledIndexSpace& MO,
-                    const Tensor<T>& ftij, const Tensor<T>& ftia, const Tensor<T>& ftab,
-                    const Tensor<T>& vtijkl, const Tensor<T>& vtijka, const Tensor<T>& vtaijb,
-                    const Tensor<T>& vtijab, const Tensor<T>& vtiabc, const Tensor<T>& vtabcd,
-                    ExecutionHW ex_hw, T shift, IndexVector& occ_int_vec, IndexVector& virt_int_vec,
-                    string& pos_str) {
+void DUCC_T_QFLOW_Driver(Scheduler& sch, ChemEnv& chem_env, const TiledIndexSpace& MO,
+                          const Tensor<T>& ftij, const Tensor<T>& ftia, const Tensor<T>& ftab,
+                          const Tensor<T>& vtijkl, const Tensor<T>& vtijka, const Tensor<T>& vtaijb,
+                          const Tensor<T>& vtijab, const Tensor<T>& vtiabc, const Tensor<T>& vtabcd,
+                          ExecutionHW ex_hw, T shift, IndexVector& occ_int_vec, IndexVector& virt_int_vec,
+                          string& pos_str) {
@@ -457,0 +491 @@ DUCC_T_QFLOW_Driver(Scheduler& sch, ChemEnv& chem_env, const TiledIndexSpace& MO
+  SystemData& sys_data = chem_env.sys_data;
@@ -828 +862 @@ DUCC_T_QFLOW_Driver(Scheduler& sch, ChemEnv& chem_env, const TiledIndexSpace& MO
-    std::cout << std::endl
+    std::cout << std::setprecision(6) << std::endl
@@ -834 +868,20 @@ DUCC_T_QFLOW_Driver(Scheduler& sch, ChemEnv& chem_env, const TiledIndexSpace& MO
-    std::cout << "Final Energy: " << results.first << "" << std::endl;
+    // Store results in sys_data.results for use elsewhere in the code
+    sys_data.results["output"]["QFlow"]["results"]["energy"] = results.first;
+    
+    // Store amplitudes in sys_data.results
+    nlohmann::json amplitudes_json = nlohmann::json::array();
+    for(const auto& pair: results.second) {
+      const std::vector<int>& vec = pair.first;
+      double                  val = pair.second;
+      
+      nlohmann::json amp_entry;
+      amp_entry["indices"] = vec;
+      amp_entry["value"] = val;
+      amplitudes_json.push_back(amp_entry);
+    }
+    sys_data.results["output"]["QFlow"]["results"]["amplitudes"] = amplitudes_json;
+
+    // Store XACC_order in sys_data.results
+    sys_data.results["output"]["QFlow"]["results"]["xacc_order"] = XACC_order;
+
+    std::cout << std::setprecision(10) << "Final Energy: " << results.first << "" << std::endl;
@@ -853 +905,0 @@ DUCC_T_QFLOW_Driver(Scheduler& sch, ChemEnv& chem_env, const TiledIndexSpace& MO
-  return results;
@@ -857,7 +909,6 @@ using T = double;
-template std::pair<double, std::vector<std::pair<std::vector<int>, double>>>
-DUCC_T_QFLOW_Driver<T>(Scheduler& sch, ChemEnv& chem_env, const TiledIndexSpace& MO,
-                       const Tensor<T>& ftij, const Tensor<T>& ftia, const Tensor<T>& ftab,
-                       const Tensor<T>& vtijkl, const Tensor<T>& vtijka, const Tensor<T>& vtaijb,
-                       const Tensor<T>& vtijab, const Tensor<T>& vtiabc, const Tensor<T>& vtabcd,
-                       ExecutionHW ex_hw, T shift, IndexVector& occ_int_vec,
-                       IndexVector& virt_int_vec, string& pos_str);
+template void DUCC_T_QFLOW_Driver<T>(Scheduler& sch, ChemEnv& chem_env, const TiledIndexSpace& MO,
+                                      const Tensor<T>& ftij, const Tensor<T>& ftia, const Tensor<T>& ftab,
+                                      const Tensor<T>& vtijkl, const Tensor<T>& vtijka, const Tensor<T>& vtaijb,
+                                      const Tensor<T>& vtijab, const Tensor<T>& vtiabc, const Tensor<T>& vtabcd,
+                                      ExecutionHW ex_hw, T shift, IndexVector& occ_int_vec,
+                                      IndexVector& virt_int_vec, string& pos_str);
diff --git a/exachem/cc/scripts/hamiltonian_extractor/fci_solver.py b/exachem/cc/scripts/hamiltonian_extractor/fci_solver.py
index 75711ad..cfa11ab 100644
--- a/exachem/cc/scripts/hamiltonian_extractor/fci_solver.py
+++ b/exachem/cc/scripts/hamiltonian_extractor/fci_solver.py
@@ -4 +3,0 @@ Full Configuration Interaction (FCI) solver implementation.
-from pyscf import fci
@@ -20 +19,5 @@ def parse_fci_vector(ci_vecmat: np.ndarray, orbs: int, electrons: int, threshold
-    from pyscf.fci import cistring
+    try:
+        from pyscf.fci import cistring
+    except ImportError:
+        raise ImportError("PySCF is required for parsing FCI vectors. Please install it using 'pip install pyscf'.")
+    
@@ -61,0 +65,6 @@ def solve_fci(data, n_roots: int = 1, threshold: float = 0.001, max_space: int =
+    # Import pyscf only when needed
+    try:
+        from pyscf import fci
+    except ImportError:
+        raise ImportError("PySCF is required for FCI calculations. Please install it using 'pip install pyscf'.")
+    
diff --git a/exachem/cc/scripts/hamiltonian_extractor/grab_data.py b/exachem/cc/scripts/hamiltonian_extractor/grab_data.py
index 2a04b34..8d47e3f 100644
--- a/exachem/cc/scripts/hamiltonian_extractor/grab_data.py
+++ b/exachem/cc/scripts/hamiltonian_extractor/grab_data.py
@@ -83,2 +83,2 @@ def _extract_output_data(output_file, data):
-                elif ln_segments[:3] == ['Bare', 'SCF', 'Energy:']:
-                    bare_scf = float(ln_segments[3])
+                elif ln_segments[:5] == ['Bare', 'Active', 'Space', 'SCF', 'Energy:']:
+                    bare_scf = float(ln_segments[5])

}


TAMM Git Information
{
 Branch: main
 Commit Hash: c00148cb [c00148cb8eb9a282939c6227de5f4631680c5370]
 Commit Date: 2025-09-30 12:38:26 -0700
 Commit Message: utility routine to copy dense tensors
}


date: Wed Oct  1 11:00:56 2025
program: "/hpc/home/baum612/code/exachem-dev/build/methods_stage/hpc/home/baum612/code/tamm_install/methods/ExaChem"
nnodes: 1, nproc_per_node: 8, nproc_total: 8, 
Memory information
{
[Intel(R) Xeon(R) Platinum 8276M CPU @ 2.20GHz] : 
  CPU memory per node (GiB): 6046
  Total CPU memory (GiB): 6046
}

------------------------------------------------------------

Input file provided: /hpc/home/baum612/TESTS/TEC4/DUCC-TEC4/LiF/3.000-Eq.json

{
  "geometry": {
    "coordinates": [
      "Li  0 0 0",
      "F  0  0.0  4.691700"
    ],
    "units": "angstrom"
  },
  "common": {
    "maxiter": 200
  },
  "basis": {
    "basisset": "cc-pVTZ"
  },
  "SCF": {
    "tol_int": 1e-18,
    "tol_sch": 1e-12,
    "tol_lindep": 1e-05,
    "conve": 1e-08,
    "convd": 1e-07,
    "scf_type": "restricted"
  },
  "CD": {
    "debug": false,
    "diagtol": 1e-09
  },
  "CC": {
    "threshold": 1e-08,
    "ccsd_maxiter": 150,
    "nactive_oa": 5,
    "nactive_ob": 5,
    "nactive_va": 3,
    "nactive_vb": 3,
    "PRINT": {},
    "ducc_lvl": 0
  },
  "TASK": {
    "ducc": [
      true,
      "default"
    ]
  }
}

Output folder & files prefix: 3.000-Eq.cc-pvtz

  Li (lithium)
  ------------
          Exponent        Coefficients
      ----------------  --------------------
  1 S  5.98800000E+03      0.064619
  1 S  8.98900000E+02      0.120104
  1 S  2.05900000E+02      0.204535
  1 S  5.92400000E+01      0.318977
  1 S  1.98700000E+01      0.445628
  1 S  7.40600000E+00      0.531197
  1 S  2.93000000E+00      0.503573
  1 S  1.18900000E+00      0.319820
  1 S  4.79800000E-01      0.078538

  2 S  5.98800000E+03     -0.037675
  2 S  8.98900000E+02     -0.069659
  2 S  2.05900000E+02     -0.117469
  2 S  5.92400000E+01     -0.187176
  2 S  1.98700000E+01     -0.260910
  2 S  7.40600000E+00     -0.332441
  2 S  2.93000000E+00     -0.330149
  2 S  1.18900000E+00     -0.297802
  2 S  4.79800000E-01     -0.170456

  3 S  7.50900000E-02      0.102234

  4 S  2.83200000E-02      0.049202

  5 P  3.26600000E+00      0.222451
  5 P  6.51100000E-01      0.163232
  5 P  1.69600000E-01      0.134040

  6 P  5.57800000E-02      0.038640

  7 P  2.05000000E-02      0.011057

  8 D  1.87400000E-01      0.087853

  9 D  8.01000000E-02      0.019850

  10 F  1.82900000E-01      0.032206


  F (fluorine)
  ------------
          Exponent        Coefficients
      ----------------  --------------------
  1 S  1.95000000E+04      0.610821
  1 S  2.92300000E+03      1.138598
  1 S  6.64500000E+02      1.930203
  1 S  1.87500000E+02      2.922896
  1 S  6.06200000E+01      3.655092
  1 S  2.14200000E+01      3.146693
  1 S  7.95000000E+00      1.209704
  1 S  8.81500000E-01     -0.005242

  2 S  1.95000000E+04     -0.234735
  2 S  2.92300000E+03     -0.440790
  2 S  6.64500000E+02     -0.750590
  2 S  1.87500000E+02     -1.175794
  2 S  6.06200000E+01     -1.575703
  2 S  2.14200000E+01     -1.694881
  2 S  7.95000000E+00     -1.017604
  2 S  8.81500000E-01      0.669219

  3 S  2.25700000E+00      1.312377

  4 S  3.04100000E-01      0.291859

  5 P  4.38800000E+01      6.745828
  5 P  9.92600000E+00      6.597273
  5 P  2.93000000E+00      4.359097

  6 P  9.13200000E-01      1.272470

  7 P  2.67200000E-01      0.273833

  8 D  3.10700000E+00     11.967589

  9 D  8.55000000E-01      1.251267

  10 F  1.91700000E+00      6.365818



Printing Internal Coordinates

------------------------------------------------------------
                Bond Lengths

i      j        Length (Angstroms)     Length (Bohr)
0      1          4.6917000000         8.8660280649

Number of Angles: 0
Number of Torsional Angles: 0


----------------------------------------------------------------------
                          Center of Mass

         x               y               z              Unit
               0               0     3.426363602      Angstrom
               0               0     6.474888815          Bohr

----------------------------------------------------------------------
                Moment of Inertia Tensor

           402.764                 0                 0
                 0           402.764                 0
                 0                 0                 0

----------------------------------------------------------------------
                      Principal Moments of Inertia

           x                 y                 z                Unit
                 0       112.7854983       112.7854983       amu * ang^2
                 0       402.7643264       402.7643264      amu * bohr^2
  0.0000000000e+00  1.8728485389e-38  1.8728485389e-38          g * cm^2

 - Molecule is diatomic.

----------------------------------------------------------------------

         Rotational constants (MHz)

    A = inf        B = 4.4809e+03        C = 4.4809e+03

----------------------------------------------------------------------

        Rotational constants (cm-1)

    A = inf        B = 1.4947e-01        C = 1.4947e-01

----------------------------------------------------------------------

                                Z-Matrix
Li  
F        1       8.8660281

----------------------------------------------------------------------

             Converted back to Cartesian

Li       0.000000      0.000000      0.000000
F        0.000000      0.000000      8.866028

----------------------------------------------------------------------
                       Geometry in bohr 

1     Li      0.0000000000    0.0000000000    0.0000000000
2     F       0.0000000000    0.0000000000    8.8660280649

 Number of nodes, processes per node used for SCF calculation: 1, 8

Common Options
{
  maxiter       = 200
  basis         = cc-pvtz spherical
  geom_units    = angstrom
  ang2au factor = 1.889726126
  debug         = false
  file_prefix   = 3.000-Eq
}

SCF Options
{
  charge            = 0
  multiplicity      = 1
  level shift       = 0
  tol_int           = 1e-18
  tol_sch           = 1e-12
  tol_lindep        = 1e-05
  conve             = 1e-08
  convd             = 1e-07
  diis_hist         = 10
  AO_tilesize       = 30
  writem            = 1
  damp              = 100
  n_lindep          = 0
  scf_type          = restricted
  cuscf             = false
  direct_df         = false
  restart_size      = 2000
  restart           = false
  debug             = false
}

Number of basis functions = 60

Total number of shells = 20

Total number of electrons = 12
  # of alpha electrons    = 6
  # of beta electons      = 6

Nuclear repulsion energy  = 3.04533211515826

# of {all,non-negligible} shell-pairs = {210,210}
Number of AO tiles = 20

Time for initial setup: 0.01 secs
HF exch = 1.00

Time for computing 1-e integrals T, V, S: 0.01 secs
Time for computing orthogonalizer: 0.02 secs

Superposition of Atomic Density Guess ...
Time taken for SAD: 0.21 secs
Total Time to compute initial guess: 0.22 secs


 SCF iterations
-----------------------------------------------------------------------------
 Iter     Energy            E-Diff       RMSD        |[F,P]|^2       Time(s)
-----------------------------------------------------------------------------
   1  -106.4351777001    -1.06e+02     1.32e-02     4.01e-02         0.0 
   2  -106.6832871099    -2.48e-01     2.12e-04     1.64e+00         0.0 
   3  -106.6896706430    -6.38e-03     3.68e-03     1.52e+00         0.0 
   4  -106.7608115129    -7.11e-02     2.81e-03     2.90e-01         0.1 
   5  -106.7784144870    -1.76e-02     1.11e-03     1.05e-02         0.1 
   6  -106.7794475007    -1.03e-03     4.13e-04     3.45e-04         0.1 
   7  -106.7795296666    -8.22e-05     1.96e-04     6.65e-05         0.1 
   8  -106.7795415192    -1.19e-05     3.01e-05     9.97e-07         0.1 
   9  -106.7795418364    -3.17e-07     1.48e-05     1.66e-07         0.1 
  10  -106.7795418884    -5.20e-08     1.37e-06     1.28e-09         0.1 
  11  -106.7795418888    -4.42e-10     3.05e-07     3.99e-10         0.2 
  12  -106.7795418889    -4.19e-11     5.52e-08     2.21e-12         0.1 

** Total SCF energy = -106.7795418888714

Nuclear repulsion energy = 3.045332115158258
#electrons        = 12
1e energy kinetic = 106.8421529116384221
1e energy N-e     = -265.4844355371534448
1e energy         = -158.6422826255150085
2e energy         = 48.8174086214854057
writing orbitals and density to disk ... done.

Total Time taken for Hartree-Fock: 1.46 secs

CD Options
{
  debug             = false
  skip_cd           = [false, 100]
  write_cv          = [false, 5000]
  diagtol           = 1e-09
  itilesize         = 1000
  max_cvecs_factor  = 12
}

- #occupied, #virtual = 12, 108

- Tilesize for the MSO space: 40

-----------------------------------------------------
Begin 2-index transformation ... 

nAO, nMO, nelectrons = 60, 120, 12
n_occ_alpha, n_vir_alpha, n_occ_beta, n_vir_beta = 6,54,6,54

Time taken for Fao->Fmo transform: 0.00 secs

-----------------------------------------------------
Number of AO tiles = 20
# of {all,non-negligible} shell-pairs = {210,210}

    Begin Cholesky Decomposition
---------------------------------------------
Total # of mpi ranks used for Cholesky decomposition: 8
  --> Number of nodes, mpi ranks per node: 1, 8
- CPU memory required for computing cholesky vectors: 0.06 GiB

- Time for computing the diagonal: 0.01 secs

- Total number of cholesky vectors = 607

- Time to compute cholesky vectors: 1.06 secs

- CPU memory required for resizing the ao cholesky tensor: 0.05 GiB
- CPU memory required for ao2mo transformation: 0.05 GiB
- CPU memory required for the 2-step contraction: 0.07 GiB

- Time for ao to mo transform: 0.32 secs

   End Cholesky Decomposition
---------------------------------------------

Total Time taken for Cholesky Decomposition: 1.48 secs

scf_type = restricted
Closed-Shell SCF
nbf = 60
nbf_orig = 60
n_lindep = 0
focc = 1
nmo = 120
nocc = 12
nvir = 108
n_occ_alpha = 6
n_vir_alpha = 54
n_occ_beta = 6
n_vir_beta = 54
nelectrons = 12
nelectrons_alpha = 6
nelectrons_beta = 6
n_frozen_core = 0
n_frozen_virtual = 0
----------------------------

Total CPU memory required for Closed Shell Cholesky CCSD calculation: 0.11 GiB


 CCSD iterations
------------------------------------------------------------
  Iter     Residuum          Correlation          Time(s)
------------------------------------------------------------
   1     0.7392339073516    0.0000000000000         0.96
   2     0.0694450882587   -0.2975273640854         0.88
   3     0.0366457096229   -0.2903709482882         0.93
   4     0.0449194556518   -0.2983242515918         0.95
   5     0.1027156885892   -0.2944291535229         0.86
 MICROCYCLE DIIS UPDATE:                    6
   6     0.0076168936930   -0.2966751249417         0.87
   7     0.0140776957728   -0.2967604186186         0.96
   8     0.0184829665040   -0.2978165752762         0.92
   9     0.0444657401596   -0.2968951944149         0.86
  10     0.1042435762985   -0.2987608655692         0.92
 MICROCYCLE DIIS UPDATE:                   11
  11     0.0048711995492   -0.2979418486182         0.90
  12     0.0069169251078   -0.2978120519497         0.85
  13     0.0052939746360   -0.2981968078064         0.96
  14     0.0094150424814   -0.2979195887530         0.95
  15     0.0110641440241   -0.2985539806294         1.25
 MICROCYCLE DIIS UPDATE:                   16
  16     0.0075396671883   -0.2990113346347         0.83
  17     0.0153739463883   -0.2992267016672         0.95
  18     0.0412125066780   -0.2987994354086         0.83
  19     0.1094338823220   -0.2999925227213         0.99
  20     0.3025698094218   -0.2972060014199         1.00
 MICROCYCLE DIIS UPDATE:                   21
  21     0.0015101982476   -0.2991957154885         1.02
  22     0.0022612988376   -0.2992038868764         0.96
  23     0.0038061043078   -0.2992413529467         1.07
  24     0.0099321925726   -0.2991947623418         1.06
  25     0.0242113250614   -0.2993756018569         0.98
 MICROCYCLE DIIS UPDATE:                   26
  26     0.0007855906104   -0.2993463188606         1.36
  27     0.0007552013893   -0.2993760538285         1.27
  28     0.0014957139713   -0.2993847225644         1.24
  29     0.0030325085735   -0.2994225150718         1.25
  30     0.0074209522187   -0.2993701210194         1.23
 MICROCYCLE DIIS UPDATE:                   31
  31     0.0002616225977   -0.2994656232862         1.21
  32     0.0003296275110   -0.2994566160118         1.21
  33     0.0004244925164   -0.2994606450999         1.99
  34     0.0009272247063   -0.2994549053828         0.78
  35     0.0019260502501   -0.2994752344131         1.01
 MICROCYCLE DIIS UPDATE:                   36
  36     0.0001347887800   -0.2994719984978         1.02
  37     0.0002568069051   -0.2994740281010         1.01
  38     0.0004713023669   -0.2994808356618         1.01
  39     0.0012806804810   -0.2994749221323         1.03
  40     0.0032533312399   -0.2994975087952         1.04
 MICROCYCLE DIIS UPDATE:                   41
  41     0.0000872621884   -0.2994933300473         1.03
  42     0.0001137997669   -0.2994920550153         1.03
  43     0.0002219417506   -0.2994941777269         1.02
  44     0.0006488801565   -0.2994919017107         1.01
  45     0.0018318208817   -0.2995003472969         1.01
 MICROCYCLE DIIS UPDATE:                   46
  46     0.0000404105518   -0.2994957808634         1.04
  47     0.0000439309996   -0.2994974991045         1.04
  48     0.0000756485088   -0.2994985694090         1.04
  49     0.0001896898348   -0.2994993518595         1.06
  50     0.0005255350339   -0.2994998193117         2.04
 MICROCYCLE DIIS UPDATE:                   51
  51     0.0000188626862   -0.2995022455756         0.67
  52     0.0000364653375   -0.2995020423946         1.07
  53     0.0000684280068   -0.2995028799704         1.04
  54     0.0001929133574   -0.2995017328877         1.05
  55     0.0005067821287   -0.2995054608179         1.02
 MICROCYCLE DIIS UPDATE:                   56
  56     0.0000136779247   -0.2995033827395         1.00
  57     0.0000162175105   -0.2995036317925         0.99
  58     0.0000274460782   -0.2995041047019         1.01
  59     0.0000795457646   -0.2995039166886         1.01
  60     0.0002220572843   -0.2995050545097         1.10
 MICROCYCLE DIIS UPDATE:                   61
  61     0.0000058358492   -0.2995052639647         1.09
  62     0.0000064797196   -0.2995051898528         1.18
  63     0.0000115179152   -0.2995052091534         1.15
  64     0.0000293540285   -0.2995052640917         1.14
  65     0.0000815116080   -0.2995053208507         1.13
 MICROCYCLE DIIS UPDATE:                   66
  66     0.0000031176416   -0.2995054514648         1.52
  67     0.0000052482197   -0.2995055203061         1.49
  68     0.0000090930793   -0.2995056743753         1.16
  69     0.0000254301288   -0.2995055445059         1.24
  70     0.0000660157600   -0.2995060476066         1.28
 MICROCYCLE DIIS UPDATE:                   71
  71     0.0000021286539   -0.2995059201886         1.17
  72     0.0000025712594   -0.2995058930792         1.15
  73     0.0000049038724   -0.2995059369388         1.17
  74     0.0000141946979   -0.2995059041268         1.13
  75     0.0000402210282   -0.2995060596772         1.11
 MICROCYCLE DIIS UPDATE:                   76
  76     0.0000009351580   -0.2995060098525         1.42
  77     0.0000012427324   -0.2995060561750         1.28
  78     0.0000032826203   -0.2995060829096         1.16
  79     0.0000110534217   -0.2995060987147         1.17
  80     0.0000382991056   -0.2995061122642         1.17
 MICROCYCLE DIIS UPDATE:                   81
  81     0.0000005281976   -0.2995061431157         1.16
  82     0.0000006348922   -0.2995061419283         1.23
  83     0.0000009899340   -0.2995061518826         1.94
  84     0.0000025492923   -0.2995061548938         0.84
  85     0.0000072384212   -0.2995061641784         1.10
 MICROCYCLE DIIS UPDATE:                   86
  86     0.0000003014403   -0.2995061850841         1.06
  87     0.0000002538700   -0.2995061976002         1.09
  88     0.0000004352387   -0.2995062064019         1.15
  89     0.0000013619238   -0.2995062098717         1.12
  90     0.0000046260157   -0.2995062159363         1.07
 MICROCYCLE DIIS UPDATE:                   91
  91     0.0000001442300   -0.2995062206219         1.08
  92     0.0000001411768   -0.2995062201888         1.07
  93     0.0000001836171   -0.2995062216827         1.10
  94     0.0000004196335   -0.2995062234982         1.10
  95     0.0000012934908   -0.2995062243752         1.07
 MICROCYCLE DIIS UPDATE:                   96
  96     0.0000000888923   -0.2995062289327         1.05
  97     0.0000000976139   -0.2995062318899         1.08
  98     0.0000001934875   -0.2995062346574         1.10
  99     0.0000005927365   -0.2995062351711         1.11
 100     0.0000019106484   -0.2995062383465         1.96
 MICROCYCLE DIIS UPDATE:                  101
 101     0.0000000483553   -0.2995062402598         0.93
 102     0.0000000445668   -0.2995062398012         1.04
 103     0.0000000549186   -0.2995062401037         1.03
 104     0.0000001302046   -0.2995062406521         1.07
 105     0.0000004400295   -0.2995062409837         1.06
 MICROCYCLE DIIS UPDATE:                  106
 106     0.0000000221597   -0.2995062439642         1.04
 107     0.0000000436180   -0.2995062444112         1.05
 108     0.0000001049864   -0.2995062454723         1.07
 109     0.0000003105267   -0.2995062444484         1.08
 110     0.0000008983113   -0.2995062482484         1.14
 MICROCYCLE DIIS UPDATE:                  111
 111     0.0000000128859   -0.2995062468868         1.37
 112     0.0000000127852   -0.2995062466485         1.29
 113     0.0000000171285   -0.2995062468722         1.30
 114     0.0000000504009   -0.2995062466798         1.37
 115     0.0000001510568   -0.2995062475161         1.34
 MICROCYCLE DIIS UPDATE:                  116
 116     0.0000000075451   -0.2995062469129         1.92
------------------------------------------------------------------
 Iterations converged
 CCSD correlation energy / hartree =        -0.299506246912876
 CCSD total energy / hartree       =      -107.079048135784291

Time taken for Closed Shell Cholesky CCSD: 131.12 secs

Executing DUCC routine
======================
Number of active occupied alpha = 5
Number of active occupied beta  = 5
Number of active virtual alpha  = 3
Number of active virtual beta   = 3
ducc_lvl = 0

Full SCF Energy: -106.779541888871
Bare SCF Energy: -106.779541868843
Frozen Core Energy: -0.000000020029

DUCC: Time taken to compute Bare Hamiltonian: 0.00 secs
Bare Active Space SCF Energy: -30.625019411018
Fully Contracted Scalar: -0.000000000000

DUCC: Total compute time: 0.00 secs

DUCC: Time to write results: 0.01 secs
DUCC Memory Stats
-----------------
allocation count: 889
deallocation count: 888
total memory allocated: 0.660553 GiB
total memory deallocated: 0.660553 GiB
maximum memory in single allocation: 0.380116 GiB
maximum memory consumption: 0.470414 GiB
